===================================================================================
SLURM Job ID:            10966025
Submit time:             Mon Mar 04 15:18:27 GMT 2024 (Unix Epoch time: 1709565507)
Start time:              Mon Mar 04 15:18:52 GMT 2024 (Unix Epoch time: 1709565532)
No. nodes:               1
No. tasks:               1
Job name:                solv_benchmarking_test
Account:                 palmer-mmms
QoS:                     normal
Partition (queue):       standard
Submit directory:        /users/tjb20156/pyRISM/data/benchmark_building/2prop
Script name:             /users/tjb20156/pyRISM/data/benchmark_building/2prop/submit.sh
Master node:             node059
Nodes used:              node059
Task distribution:       
===================================================================================


             ____  ___ ____  __  __ 
 _ __  _   _|  _ \|_ _/ ___||  \/  |
| '_ \| | | | |_) || |\___ \| |\/| |
| |_) | |_| |  _ < | | ___) | |  | |
| .__/ \__, |_| \_\___|____/|_|  |_|
|_|    |___/                        


+---------------+----------+
| System        |          |
+---------------+----------+
| Temperature   | 298.15 K |
+---------------+----------+
| Num. Points   | 8192     |
+---------------+----------+
| Radius        | 40.96 Å  |
+---------------+----------+
| Grid Spacing  | 0.005 Å  |
+---------------+----------+
| Lambda Cycles | 1        |
+---------------+----------+
+-------------------+--------------------------------+
| Operator          |                                |
+-------------------+--------------------------------+
| Integral Equation | Dielectrically Consistent RISM |
+-------------------+--------------------------------+
| Closure           | Kovalenko-Hirata               |
+-------------------+--------------------------------+
+------------+---------------+
| Potential  |               |
+------------+---------------+
| Non-Bonded | Lennard-Jones |
+------------+---------------+
| Coulombic  | Coulomb       |
+------------+---------------+
+----------------+-------+
| Solver         |       |
+----------------+-------+
| Method         | ADIIS |
+----------------+-------+
| Max Iterations | 10000 |
+----------------+-------+
| Tolerance      | 1E-7  |
+----------------+-------+
| Picard Damping | 0.2   |
+----------------+-------+
| MDIIS Damping  | 0.2   |
+----------------+-------+
| Depth          | 12    |
+----------------+-------+
15:18:54 TRACE [librism::drivers::rism] Defining solvent-solvent problem
15:18:54 TRACE [librism::drivers::rism] Checking for dipole moment
15:18:54 TRACE [librism::drivers::rism] Aligning dipole moment to z-axis
15:18:54 TRACE [librism::drivers::rism] 0 dipole moment for current system - cl
15:18:54 TRACE [librism::drivers::rism] 0 dipole moment for current system - na
15:18:54 TRACE [librism::drivers::rism] Calculating dielectric asymptotics for DRISM
15:18:54 TRACE [librism::drivers::rism] Tabulating solvent-solvent potentials
15:18:54 TRACE [librism::drivers::rism] Tabulating solvent intramolecular correlation functions
15:18:54 TRACE [librism::drivers::rism] Defining solute-solvent problem
15:18:54 INFO  [librism::drivers::rism] Solute data found
15:18:54 WARN  [librism::drivers::rism] pyRISM only tested for infinite dilution; setting non-zero solute density may not work
15:18:54 TRACE [librism::drivers::rism] Tabulating solute-solvent potentials
15:18:54 TRACE [librism::drivers::rism] Tabulating solute intramolecular correlation functions
15:18:54 TRACE [librism::drivers::rism] Defining operator
15:18:54 INFO  [librism::drivers::rism] Starting solvent-solvent solver
15:18:54 INFO  [librism::drivers::rism] Lambda cycle: 1/1
15:18:54 TRACE [librism::solvers::adiis] Iteration: 0 Convergence RMSE: 1.000000E20
15:18:54 TRACE [librism::solvers::adiis] Iteration: 1 Convergence RMSE: 1.138702E0
15:18:54 TRACE [librism::solvers::adiis] Iteration: 2 Convergence RMSE: 1.117904E0
15:18:54 TRACE [librism::solvers::adiis] Iteration: 3 Convergence RMSE: 5.847839E-1
15:18:54 TRACE [librism::solvers::adiis] Iteration: 4 Convergence RMSE: 5.999558E-1
15:18:54 TRACE [librism::solvers::adiis] Iteration: 5 Convergence RMSE: 5.318998E-1
15:18:54 INFO  [librism::solvers::adiis] MDIIS Restarting
15:18:54 TRACE [librism::solvers::adiis] Iteration: 6 Convergence RMSE: 2.655524E5
15:18:55 TRACE [librism::solvers::adiis] Iteration: 7 Convergence RMSE: 1.117904E0
15:18:55 TRACE [librism::solvers::adiis] Iteration: 8 Convergence RMSE: 1.097189E0
15:18:55 TRACE [librism::solvers::adiis] Iteration: 9 Convergence RMSE: 4.723346E-1
15:18:55 TRACE [librism::solvers::adiis] Iteration: 10 Convergence RMSE: 6.243399E-1
15:18:55 TRACE [librism::solvers::adiis] Iteration: 11 Convergence RMSE: 1.121087E0
15:18:55 TRACE [librism::solvers::adiis] Iteration: 12 Convergence RMSE: 3.071879E0
15:18:55 TRACE [librism::solvers::adiis] Iteration: 13 Convergence RMSE: 1.288692E0
15:18:55 INFO  [librism::solvers::adiis] MDIIS Restarting
15:18:55 TRACE [librism::solvers::adiis] Iteration: 14 Convergence RMSE: 2.573999E5
15:18:55 TRACE [librism::solvers::adiis] Iteration: 15 Convergence RMSE: 3.071879E0
15:18:55 TRACE [librism::solvers::adiis] Iteration: 16 Convergence RMSE: 5.113231E-1
15:18:55 TRACE [librism::solvers::adiis] Iteration: 17 Convergence RMSE: 2.124688E0
15:18:56 TRACE [librism::solvers::adiis] Iteration: 18 Convergence RMSE: 6.566321E-1
15:18:56 TRACE [librism::solvers::adiis] Iteration: 19 Convergence RMSE: 4.803435E-1
15:18:56 TRACE [librism::solvers::adiis] Iteration: 20 Convergence RMSE: 4.368727E-1
15:18:56 TRACE [librism::solvers::adiis] Iteration: 21 Convergence RMSE: 3.912035E-1
15:18:56 TRACE [librism::solvers::adiis] Iteration: 22 Convergence RMSE: 3.821182E-1
15:18:56 TRACE [librism::solvers::adiis] Iteration: 23 Convergence RMSE: 5.381309E-1
15:18:56 TRACE [librism::solvers::adiis] Iteration: 24 Convergence RMSE: 5.369216E-1
15:18:56 TRACE [librism::solvers::adiis] Iteration: 25 Convergence RMSE: 1.546345E0
15:18:56 TRACE [librism::solvers::adiis] Iteration: 26 Convergence RMSE: 1.072174E0
15:18:56 TRACE [librism::solvers::adiis] Iteration: 27 Convergence RMSE: 1.197865E0
15:18:56 INFO  [librism::solvers::adiis] MDIIS Restarting
15:18:56 TRACE [librism::solvers::adiis] Iteration: 28 Convergence RMSE: 3.908766E4
15:18:56 TRACE [librism::solvers::adiis] Iteration: 29 Convergence RMSE: 3.912035E-1
15:18:57 TRACE [librism::solvers::adiis] Iteration: 30 Convergence RMSE: 3.874394E-1
15:18:57 TRACE [librism::solvers::adiis] Iteration: 31 Convergence RMSE: 3.894667E-1
15:18:57 TRACE [librism::solvers::adiis] Iteration: 32 Convergence RMSE: 3.909106E-1
15:18:57 TRACE [librism::solvers::adiis] Iteration: 33 Convergence RMSE: 4.541119E-1
15:18:57 TRACE [librism::solvers::adiis] Iteration: 34 Convergence RMSE: 4.322733E-1
15:18:57 INFO  [librism::solvers::adiis] MDIIS Restarting
15:18:57 TRACE [librism::solvers::adiis] Iteration: 35 Convergence RMSE: 4.223337E4
15:18:57 TRACE [librism::solvers::adiis] Iteration: 36 Convergence RMSE: 4.322733E-1
15:18:57 TRACE [librism::solvers::adiis] Iteration: 37 Convergence RMSE: 4.052665E-1
15:18:57 TRACE [librism::solvers::adiis] Iteration: 38 Convergence RMSE: 3.886899E-1
15:18:57 TRACE [librism::solvers::adiis] Iteration: 39 Convergence RMSE: 3.871344E-1
15:18:57 TRACE [librism::solvers::adiis] Iteration: 40 Convergence RMSE: 3.805960E-1
15:18:57 TRACE [librism::solvers::adiis] Iteration: 41 Convergence RMSE: 3.905121E-1
15:18:58 TRACE [librism::solvers::adiis] Iteration: 42 Convergence RMSE: 3.404206E-1
15:18:58 TRACE [librism::solvers::adiis] Iteration: 43 Convergence RMSE: 2.914350E-1
15:18:58 TRACE [librism::solvers::adiis] Iteration: 44 Convergence RMSE: 3.346189E-1
15:18:58 TRACE [librism::solvers::adiis] Iteration: 45 Convergence RMSE: 8.253075E-1
15:18:58 TRACE [librism::solvers::adiis] Iteration: 46 Convergence RMSE: 9.479198E-1
15:18:58 TRACE [librism::solvers::adiis] Iteration: 47 Convergence RMSE: 4.645986E-1
15:18:58 TRACE [librism::solvers::adiis] Iteration: 48 Convergence RMSE: 5.272617E-1
15:18:58 TRACE [librism::solvers::adiis] Iteration: 49 Convergence RMSE: 4.972012E-1
15:18:58 TRACE [librism::solvers::adiis] Iteration: 50 Convergence RMSE: 5.852062E-1
15:18:58 TRACE [librism::solvers::adiis] Iteration: 51 Convergence RMSE: 5.278092E-1
15:18:58 TRACE [librism::solvers::adiis] Iteration: 52 Convergence RMSE: 4.815841E-1
15:18:59 TRACE [librism::solvers::adiis] Iteration: 53 Convergence RMSE: 9.967628E-1
15:18:59 TRACE [librism::solvers::adiis] Iteration: 54 Convergence RMSE: 4.996477E-1
15:18:59 TRACE [librism::solvers::adiis] Iteration: 55 Convergence RMSE: 4.240312E-1
15:18:59 TRACE [librism::solvers::adiis] Iteration: 56 Convergence RMSE: 3.061246E-1
15:18:59 TRACE [librism::solvers::adiis] Iteration: 57 Convergence RMSE: 7.368720E-1
15:18:59 TRACE [librism::solvers::adiis] Iteration: 58 Convergence RMSE: 6.793260E-1
15:18:59 TRACE [librism::solvers::adiis] Iteration: 59 Convergence RMSE: 3.437025E-1
15:18:59 TRACE [librism::solvers::adiis] Iteration: 60 Convergence RMSE: 2.573080E-1
15:18:59 TRACE [librism::solvers::adiis] Iteration: 61 Convergence RMSE: 1.520236E-1
15:18:59 TRACE [librism::solvers::adiis] Iteration: 62 Convergence RMSE: 1.817145E-1
15:18:59 TRACE [librism::solvers::adiis] Iteration: 63 Convergence RMSE: 6.097384E-1
15:19:00 INFO  [librism::solvers::adiis] MDIIS Restarting
15:19:00 TRACE [librism::solvers::adiis] Iteration: 64 Convergence RMSE: 6.762532E3
15:19:00 TRACE [librism::solvers::adiis] Iteration: 65 Convergence RMSE: 6.097384E-1
15:19:00 TRACE [librism::solvers::adiis] Iteration: 66 Convergence RMSE: 1.749738E-1
15:19:00 TRACE [librism::solvers::adiis] Iteration: 67 Convergence RMSE: 1.706406E-1
15:19:00 TRACE [librism::solvers::adiis] Iteration: 68 Convergence RMSE: 1.691802E-1
15:19:00 TRACE [librism::solvers::adiis] Iteration: 69 Convergence RMSE: 1.611958E-1
15:19:00 TRACE [librism::solvers::adiis] Iteration: 70 Convergence RMSE: 1.943556E-1
15:19:00 TRACE [librism::solvers::adiis] Iteration: 71 Convergence RMSE: 9.223300E-2
15:19:00 TRACE [librism::solvers::adiis] Iteration: 72 Convergence RMSE: 8.870422E-2
15:19:00 TRACE [librism::solvers::adiis] Iteration: 73 Convergence RMSE: 8.857825E-2
15:19:00 TRACE [librism::solvers::adiis] Iteration: 74 Convergence RMSE: 8.806048E-2
15:19:01 TRACE [librism::solvers::adiis] Iteration: 75 Convergence RMSE: 9.428690E-2
15:19:01 TRACE [librism::solvers::adiis] Iteration: 76 Convergence RMSE: 8.038552E-2
15:19:01 TRACE [librism::solvers::adiis] Iteration: 77 Convergence RMSE: 7.425404E-2
15:19:01 TRACE [librism::solvers::adiis] Iteration: 78 Convergence RMSE: 8.409385E-2
15:19:01 TRACE [librism::solvers::adiis] Iteration: 79 Convergence RMSE: 8.607675E-2
15:19:01 TRACE [librism::solvers::adiis] Iteration: 80 Convergence RMSE: 1.168731E-1
15:19:01 TRACE [librism::solvers::adiis] Iteration: 81 Convergence RMSE: 2.216755E-1
15:19:01 TRACE [librism::solvers::adiis] Iteration: 82 Convergence RMSE: 1.757127E-1
15:19:01 TRACE [librism::solvers::adiis] Iteration: 83 Convergence RMSE: 1.374113E-1
15:19:01 TRACE [librism::solvers::adiis] Iteration: 84 Convergence RMSE: 8.260362E-2
15:19:01 TRACE [librism::solvers::adiis] Iteration: 85 Convergence RMSE: 6.294394E-2
15:19:02 TRACE [librism::solvers::adiis] Iteration: 86 Convergence RMSE: 3.943391E-2
15:19:02 TRACE [librism::solvers::adiis] Iteration: 87 Convergence RMSE: 3.005427E-2
15:19:02 TRACE [librism::solvers::adiis] Iteration: 88 Convergence RMSE: 3.701530E-2
15:19:02 TRACE [librism::solvers::adiis] Iteration: 89 Convergence RMSE: 3.482050E-2
15:19:02 TRACE [librism::solvers::adiis] Iteration: 90 Convergence RMSE: 2.122820E-2
15:19:02 TRACE [librism::solvers::adiis] Iteration: 91 Convergence RMSE: 2.080886E-2
15:19:02 TRACE [librism::solvers::adiis] Iteration: 92 Convergence RMSE: 2.100070E-2
15:19:02 TRACE [librism::solvers::adiis] Iteration: 93 Convergence RMSE: 2.063531E-2
15:19:02 TRACE [librism::solvers::adiis] Iteration: 94 Convergence RMSE: 2.022933E-2
15:19:02 TRACE [librism::solvers::adiis] Iteration: 95 Convergence RMSE: 2.017098E-2
15:19:02 TRACE [librism::solvers::adiis] Iteration: 96 Convergence RMSE: 1.817820E-2
15:19:03 TRACE [librism::solvers::adiis] Iteration: 97 Convergence RMSE: 1.653941E-2
15:19:03 TRACE [librism::solvers::adiis] Iteration: 98 Convergence RMSE: 1.459924E-2
15:19:03 TRACE [librism::solvers::adiis] Iteration: 99 Convergence RMSE: 1.471495E-2
15:19:03 TRACE [librism::solvers::adiis] Iteration: 100 Convergence RMSE: 1.246973E-2
15:19:03 TRACE [librism::solvers::adiis] Iteration: 101 Convergence RMSE: 1.107600E-2
15:19:03 TRACE [librism::solvers::adiis] Iteration: 102 Convergence RMSE: 1.105673E-2
15:19:03 TRACE [librism::solvers::adiis] Iteration: 103 Convergence RMSE: 1.033196E-2
15:19:03 TRACE [librism::solvers::adiis] Iteration: 104 Convergence RMSE: 1.236025E-2
15:19:03 TRACE [librism::solvers::adiis] Iteration: 105 Convergence RMSE: 9.896220E-3
15:19:03 TRACE [librism::solvers::adiis] Iteration: 106 Convergence RMSE: 9.840932E-3
15:19:03 TRACE [librism::solvers::adiis] Iteration: 107 Convergence RMSE: 8.500091E-3
15:19:04 TRACE [librism::solvers::adiis] Iteration: 108 Convergence RMSE: 6.984488E-3
15:19:04 TRACE [librism::solvers::adiis] Iteration: 109 Convergence RMSE: 6.246687E-3
15:19:04 TRACE [librism::solvers::adiis] Iteration: 110 Convergence RMSE: 6.972566E-3
15:19:04 TRACE [librism::solvers::adiis] Iteration: 111 Convergence RMSE: 4.948182E-3
15:19:04 TRACE [librism::solvers::adiis] Iteration: 112 Convergence RMSE: 4.473336E-3
15:19:04 TRACE [librism::solvers::adiis] Iteration: 113 Convergence RMSE: 1.962347E-3
15:19:04 TRACE [librism::solvers::adiis] Iteration: 114 Convergence RMSE: 1.972337E-3
15:19:04 TRACE [librism::solvers::adiis] Iteration: 115 Convergence RMSE: 1.588470E-3
15:19:04 TRACE [librism::solvers::adiis] Iteration: 116 Convergence RMSE: 2.052315E-3
15:19:04 TRACE [librism::solvers::adiis] Iteration: 117 Convergence RMSE: 1.038119E-3
15:19:05 TRACE [librism::solvers::adiis] Iteration: 118 Convergence RMSE: 8.521872E-4
15:19:05 TRACE [librism::solvers::adiis] Iteration: 119 Convergence RMSE: 6.717561E-4
15:19:05 TRACE [librism::solvers::adiis] Iteration: 120 Convergence RMSE: 6.019310E-4
15:19:05 TRACE [librism::solvers::adiis] Iteration: 121 Convergence RMSE: 5.661604E-4
15:19:05 TRACE [librism::solvers::adiis] Iteration: 122 Convergence RMSE: 5.194757E-4
15:19:05 TRACE [librism::solvers::adiis] Iteration: 123 Convergence RMSE: 4.701370E-4
15:19:05 TRACE [librism::solvers::adiis] Iteration: 124 Convergence RMSE: 4.054015E-4
15:19:05 TRACE [librism::solvers::adiis] Iteration: 125 Convergence RMSE: 3.870778E-4
15:19:05 TRACE [librism::solvers::adiis] Iteration: 126 Convergence RMSE: 3.170369E-4
15:19:05 TRACE [librism::solvers::adiis] Iteration: 127 Convergence RMSE: 2.998617E-4
15:19:05 TRACE [librism::solvers::adiis] Iteration: 128 Convergence RMSE: 2.873673E-4
15:19:06 TRACE [librism::solvers::adiis] Iteration: 129 Convergence RMSE: 2.726886E-4
15:19:06 TRACE [librism::solvers::adiis] Iteration: 130 Convergence RMSE: 2.589859E-4
15:19:06 TRACE [librism::solvers::adiis] Iteration: 131 Convergence RMSE: 2.293214E-4
15:19:06 TRACE [librism::solvers::adiis] Iteration: 132 Convergence RMSE: 1.713561E-4
15:19:06 TRACE [librism::solvers::adiis] Iteration: 133 Convergence RMSE: 1.662814E-4
15:19:06 TRACE [librism::solvers::adiis] Iteration: 134 Convergence RMSE: 1.520748E-4
15:19:06 TRACE [librism::solvers::adiis] Iteration: 135 Convergence RMSE: 1.475006E-4
15:19:06 TRACE [librism::solvers::adiis] Iteration: 136 Convergence RMSE: 1.242775E-4
15:19:06 TRACE [librism::solvers::adiis] Iteration: 137 Convergence RMSE: 1.190171E-4
15:19:06 TRACE [librism::solvers::adiis] Iteration: 138 Convergence RMSE: 9.638989E-5
15:19:06 TRACE [librism::solvers::adiis] Iteration: 139 Convergence RMSE: 8.402898E-5
15:19:07 TRACE [librism::solvers::adiis] Iteration: 140 Convergence RMSE: 6.004098E-5
15:19:07 TRACE [librism::solvers::adiis] Iteration: 141 Convergence RMSE: 5.656493E-5
15:19:07 TRACE [librism::solvers::adiis] Iteration: 142 Convergence RMSE: 5.328569E-5
15:19:07 TRACE [librism::solvers::adiis] Iteration: 143 Convergence RMSE: 4.959821E-5
15:19:07 TRACE [librism::solvers::adiis] Iteration: 144 Convergence RMSE: 4.587029E-5
15:19:07 TRACE [librism::solvers::adiis] Iteration: 145 Convergence RMSE: 4.309929E-5
15:19:07 TRACE [librism::solvers::adiis] Iteration: 146 Convergence RMSE: 4.155686E-5
15:19:07 TRACE [librism::solvers::adiis] Iteration: 147 Convergence RMSE: 3.803630E-5
15:19:07 TRACE [librism::solvers::adiis] Iteration: 148 Convergence RMSE: 3.482017E-5
15:19:07 TRACE [librism::solvers::adiis] Iteration: 149 Convergence RMSE: 3.403830E-5
15:19:08 TRACE [librism::solvers::adiis] Iteration: 150 Convergence RMSE: 2.897645E-5
15:19:08 TRACE [librism::solvers::adiis] Iteration: 151 Convergence RMSE: 2.885037E-5
15:19:08 TRACE [librism::solvers::adiis] Iteration: 152 Convergence RMSE: 2.871973E-5
15:19:08 TRACE [librism::solvers::adiis] Iteration: 153 Convergence RMSE: 2.890429E-5
15:19:08 TRACE [librism::solvers::adiis] Iteration: 154 Convergence RMSE: 2.798646E-5
15:19:08 TRACE [librism::solvers::adiis] Iteration: 155 Convergence RMSE: 2.788480E-5
15:19:08 TRACE [librism::solvers::adiis] Iteration: 156 Convergence RMSE: 2.825043E-5
15:19:08 TRACE [librism::solvers::adiis] Iteration: 157 Convergence RMSE: 2.789063E-5
15:19:08 TRACE [librism::solvers::adiis] Iteration: 158 Convergence RMSE: 2.789338E-5
15:19:08 TRACE [librism::solvers::adiis] Iteration: 159 Convergence RMSE: 2.789984E-5
15:19:08 TRACE [librism::solvers::adiis] Iteration: 160 Convergence RMSE: 2.805902E-5
15:19:09 TRACE [librism::solvers::adiis] Iteration: 161 Convergence RMSE: 2.805896E-5
15:19:09 TRACE [librism::solvers::adiis] Iteration: 162 Convergence RMSE: 2.793102E-5
15:19:09 TRACE [librism::solvers::adiis] Iteration: 163 Convergence RMSE: 2.840160E-5
15:19:09 TRACE [librism::solvers::adiis] Iteration: 164 Convergence RMSE: 2.811828E-5
15:19:09 TRACE [librism::solvers::adiis] Iteration: 165 Convergence RMSE: 2.730955E-5
15:19:09 TRACE [librism::solvers::adiis] Iteration: 166 Convergence RMSE: 2.732288E-5
15:19:09 TRACE [librism::solvers::adiis] Iteration: 167 Convergence RMSE: 2.740152E-5
15:19:09 TRACE [librism::solvers::adiis] Iteration: 168 Convergence RMSE: 2.733182E-5
15:19:09 TRACE [librism::solvers::adiis] Iteration: 169 Convergence RMSE: 2.782065E-5
15:19:09 TRACE [librism::solvers::adiis] Iteration: 170 Convergence RMSE: 2.731045E-5
15:19:09 TRACE [librism::solvers::adiis] Iteration: 171 Convergence RMSE: 2.718124E-5
15:19:10 TRACE [librism::solvers::adiis] Iteration: 172 Convergence RMSE: 2.680546E-5
15:19:10 TRACE [librism::solvers::adiis] Iteration: 173 Convergence RMSE: 2.574225E-5
15:19:10 TRACE [librism::solvers::adiis] Iteration: 174 Convergence RMSE: 2.598050E-5
15:19:10 TRACE [librism::solvers::adiis] Iteration: 175 Convergence RMSE: 2.534883E-5
15:19:10 TRACE [librism::solvers::adiis] Iteration: 176 Convergence RMSE: 2.445512E-5
15:19:10 TRACE [librism::solvers::adiis] Iteration: 177 Convergence RMSE: 2.428627E-5
15:19:10 TRACE [librism::solvers::adiis] Iteration: 178 Convergence RMSE: 2.423002E-5
15:19:10 TRACE [librism::solvers::adiis] Iteration: 179 Convergence RMSE: 2.417245E-5
15:19:10 TRACE [librism::solvers::adiis] Iteration: 180 Convergence RMSE: 2.419770E-5
15:19:11 TRACE [librism::solvers::adiis] Iteration: 181 Convergence RMSE: 2.426339E-5
15:19:11 TRACE [librism::solvers::adiis] Iteration: 182 Convergence RMSE: 2.437663E-5
15:19:11 TRACE [librism::solvers::adiis] Iteration: 183 Convergence RMSE: 2.440020E-5
15:19:11 TRACE [librism::solvers::adiis] Iteration: 184 Convergence RMSE: 2.404543E-5
15:19:11 TRACE [librism::solvers::adiis] Iteration: 185 Convergence RMSE: 2.308125E-5
15:19:11 TRACE [librism::solvers::adiis] Iteration: 186 Convergence RMSE: 2.252566E-5
15:19:11 TRACE [librism::solvers::adiis] Iteration: 187 Convergence RMSE: 2.260409E-5
15:19:11 TRACE [librism::solvers::adiis] Iteration: 188 Convergence RMSE: 2.205445E-5
15:19:11 TRACE [librism::solvers::adiis] Iteration: 189 Convergence RMSE: 2.206634E-5
15:19:11 TRACE [librism::solvers::adiis] Iteration: 190 Convergence RMSE: 2.201612E-5
15:19:11 TRACE [librism::solvers::adiis] Iteration: 191 Convergence RMSE: 2.197518E-5
15:19:12 TRACE [librism::solvers::adiis] Iteration: 192 Convergence RMSE: 2.232794E-5
15:19:12 TRACE [librism::solvers::adiis] Iteration: 193 Convergence RMSE: 2.121604E-5
15:19:12 TRACE [librism::solvers::adiis] Iteration: 194 Convergence RMSE: 2.008216E-5
15:19:12 TRACE [librism::solvers::adiis] Iteration: 195 Convergence RMSE: 1.923213E-5
15:19:12 TRACE [librism::solvers::adiis] Iteration: 196 Convergence RMSE: 1.746354E-5
15:19:12 TRACE [librism::solvers::adiis] Iteration: 197 Convergence RMSE: 1.643167E-5
15:19:12 TRACE [librism::solvers::adiis] Iteration: 198 Convergence RMSE: 1.502361E-5
15:19:12 TRACE [librism::solvers::adiis] Iteration: 199 Convergence RMSE: 1.280658E-5
15:19:12 TRACE [librism::solvers::adiis] Iteration: 200 Convergence RMSE: 7.313929E-6
15:19:12 TRACE [librism::solvers::adiis] Iteration: 201 Convergence RMSE: 2.720782E-6
15:19:13 TRACE [librism::solvers::adiis] Iteration: 202 Convergence RMSE: 2.373410E-6
15:19:13 TRACE [librism::solvers::adiis] Iteration: 203 Convergence RMSE: 1.266807E-6
15:19:13 TRACE [librism::solvers::adiis] Iteration: 204 Convergence RMSE: 1.053928E-6
15:19:13 TRACE [librism::solvers::adiis] Iteration: 205 Convergence RMSE: 9.686466E-7
15:19:13 TRACE [librism::solvers::adiis] Iteration: 206 Convergence RMSE: 6.112924E-7
15:19:13 TRACE [librism::solvers::adiis] Iteration: 207 Convergence RMSE: 5.332472E-7
15:19:13 TRACE [librism::solvers::adiis] Iteration: 208 Convergence RMSE: 4.745054E-7
15:19:13 TRACE [librism::solvers::adiis] Iteration: 209 Convergence RMSE: 4.140104E-7
15:19:13 TRACE [librism::solvers::adiis] Iteration: 210 Convergence RMSE: 3.762907E-7
15:19:13 TRACE [librism::solvers::adiis] Iteration: 211 Convergence RMSE: 3.578482E-7
15:19:13 TRACE [librism::solvers::adiis] Iteration: 212 Convergence RMSE: 2.205895E-7
15:19:14 TRACE [librism::solvers::adiis] Iteration: 213 Convergence RMSE: 1.870280E-7
15:19:14 TRACE [librism::solvers::adiis] Iteration: 214 Convergence RMSE: 7.181278E-8
15:19:14 INFO  [librism::drivers::rism] Finished! Iteration: 214 RMSE: 7.181278E-8 Time Elapsed: 19.737567121 s
15:19:14 INFO  [librism::drivers::rism] Total Solvent-Solvent Iterations: 214 Total Solver Time: 19.942294955 s
15:19:14 INFO  [librism::drivers::rism] Starting solute-solvent solver
15:19:14 INFO  [librism::drivers::rism] Lambda cycle: 1/1
15:19:14 TRACE [librism::solvers::adiis] Iteration: 0 Convergence RMSE: 1.000000E20
15:19:14 TRACE [librism::solvers::adiis] Iteration: 1 Convergence RMSE: 7.514835E0
15:19:14 TRACE [librism::solvers::adiis] Iteration: 2 Convergence RMSE: 2.460524E0
15:19:14 TRACE [librism::solvers::adiis] Iteration: 3 Convergence RMSE: 9.037713E-1
15:19:14 TRACE [librism::solvers::adiis] Iteration: 4 Convergence RMSE: 5.961315E-1
15:19:14 TRACE [librism::solvers::adiis] Iteration: 5 Convergence RMSE: 4.073754E-1
15:19:14 TRACE [librism::solvers::adiis] Iteration: 6 Convergence RMSE: 2.894382E-1
15:19:14 TRACE [librism::solvers::adiis] Iteration: 7 Convergence RMSE: 2.354936E-1
15:19:14 TRACE [librism::solvers::adiis] Iteration: 8 Convergence RMSE: 1.256293E-1
15:19:14 TRACE [librism::solvers::adiis] Iteration: 9 Convergence RMSE: 1.059376E-1
15:19:14 TRACE [librism::solvers::adiis] Iteration: 10 Convergence RMSE: 1.010664E-1
15:19:15 TRACE [librism::solvers::adiis] Iteration: 11 Convergence RMSE: 8.227072E-2
15:19:15 TRACE [librism::solvers::adiis] Iteration: 12 Convergence RMSE: 8.720941E-2
15:19:15 TRACE [librism::solvers::adiis] Iteration: 13 Convergence RMSE: 6.053083E-2
15:19:15 TRACE [librism::solvers::adiis] Iteration: 14 Convergence RMSE: 6.424948E-2
15:19:15 TRACE [librism::solvers::adiis] Iteration: 15 Convergence RMSE: 4.958816E-2
15:19:15 TRACE [librism::solvers::adiis] Iteration: 16 Convergence RMSE: 4.683323E-2
15:19:15 TRACE [librism::solvers::adiis] Iteration: 17 Convergence RMSE: 3.739005E-2
15:19:15 TRACE [librism::solvers::adiis] Iteration: 18 Convergence RMSE: 3.470471E-2
15:19:15 TRACE [librism::solvers::adiis] Iteration: 19 Convergence RMSE: 3.327800E-2
15:19:16 TRACE [librism::solvers::adiis] Iteration: 20 Convergence RMSE: 3.535828E-2
15:19:16 TRACE [librism::solvers::adiis] Iteration: 21 Convergence RMSE: 2.950583E-2
15:19:16 TRACE [librism::solvers::adiis] Iteration: 22 Convergence RMSE: 2.820952E-2
15:19:16 TRACE [librism::solvers::adiis] Iteration: 23 Convergence RMSE: 2.549555E-2
15:19:16 TRACE [librism::solvers::adiis] Iteration: 24 Convergence RMSE: 2.091485E-2
15:19:16 TRACE [librism::solvers::adiis] Iteration: 25 Convergence RMSE: 1.900376E-2
15:19:16 TRACE [librism::solvers::adiis] Iteration: 26 Convergence RMSE: 1.710435E-2
15:19:16 TRACE [librism::solvers::adiis] Iteration: 27 Convergence RMSE: 1.598498E-2
15:19:16 TRACE [librism::solvers::adiis] Iteration: 28 Convergence RMSE: 1.343711E-2
15:19:16 TRACE [librism::solvers::adiis] Iteration: 29 Convergence RMSE: 1.144302E-2
15:19:17 TRACE [librism::solvers::adiis] Iteration: 30 Convergence RMSE: 9.943324E-3
15:19:17 TRACE [librism::solvers::adiis] Iteration: 31 Convergence RMSE: 8.637113E-3
15:19:17 TRACE [librism::solvers::adiis] Iteration: 32 Convergence RMSE: 7.868949E-3
15:19:17 TRACE [librism::solvers::adiis] Iteration: 33 Convergence RMSE: 7.487351E-3
15:19:17 TRACE [librism::solvers::adiis] Iteration: 34 Convergence RMSE: 7.190285E-3
15:19:17 TRACE [librism::solvers::adiis] Iteration: 35 Convergence RMSE: 6.478458E-3
15:19:17 TRACE [librism::solvers::adiis] Iteration: 36 Convergence RMSE: 5.821591E-3
15:19:17 TRACE [librism::solvers::adiis] Iteration: 37 Convergence RMSE: 5.463015E-3
15:19:17 TRACE [librism::solvers::adiis] Iteration: 38 Convergence RMSE: 5.026996E-3
15:19:18 TRACE [librism::solvers::adiis] Iteration: 39 Convergence RMSE: 4.936852E-3
15:19:18 TRACE [librism::solvers::adiis] Iteration: 40 Convergence RMSE: 4.863455E-3
15:19:18 TRACE [librism::solvers::adiis] Iteration: 41 Convergence RMSE: 4.814005E-3
15:19:18 TRACE [librism::solvers::adiis] Iteration: 42 Convergence RMSE: 4.764575E-3
15:19:18 TRACE [librism::solvers::adiis] Iteration: 43 Convergence RMSE: 4.760031E-3
15:19:18 TRACE [librism::solvers::adiis] Iteration: 44 Convergence RMSE: 4.746629E-3
15:19:18 TRACE [librism::solvers::adiis] Iteration: 45 Convergence RMSE: 4.593107E-3
15:19:18 TRACE [librism::solvers::adiis] Iteration: 46 Convergence RMSE: 4.476197E-3
15:19:18 TRACE [librism::solvers::adiis] Iteration: 47 Convergence RMSE: 4.402266E-3
15:19:18 TRACE [librism::solvers::adiis] Iteration: 48 Convergence RMSE: 4.396129E-3
15:19:18 TRACE [librism::solvers::adiis] Iteration: 49 Convergence RMSE: 4.396135E-3
15:19:19 TRACE [librism::solvers::adiis] Iteration: 50 Convergence RMSE: 4.398467E-3
15:19:19 TRACE [librism::solvers::adiis] Iteration: 51 Convergence RMSE: 4.390204E-3
15:19:19 TRACE [librism::solvers::adiis] Iteration: 52 Convergence RMSE: 4.395367E-3
15:19:19 TRACE [librism::solvers::adiis] Iteration: 53 Convergence RMSE: 4.372337E-3
15:19:19 TRACE [librism::solvers::adiis] Iteration: 54 Convergence RMSE: 4.347833E-3
15:19:19 TRACE [librism::solvers::adiis] Iteration: 55 Convergence RMSE: 4.350171E-3
15:19:19 TRACE [librism::solvers::adiis] Iteration: 56 Convergence RMSE: 4.350669E-3
15:19:19 TRACE [librism::solvers::adiis] Iteration: 57 Convergence RMSE: 4.352238E-3
15:19:19 TRACE [librism::solvers::adiis] Iteration: 58 Convergence RMSE: 4.350128E-3
15:19:19 TRACE [librism::solvers::adiis] Iteration: 59 Convergence RMSE: 4.351737E-3
15:19:20 TRACE [librism::solvers::adiis] Iteration: 60 Convergence RMSE: 4.353888E-3
15:19:20 TRACE [librism::solvers::adiis] Iteration: 61 Convergence RMSE: 4.353914E-3
15:19:20 TRACE [librism::solvers::adiis] Iteration: 62 Convergence RMSE: 4.355354E-3
15:19:20 TRACE [librism::solvers::adiis] Iteration: 63 Convergence RMSE: 4.353200E-3
15:19:20 TRACE [librism::solvers::adiis] Iteration: 64 Convergence RMSE: 4.352268E-3
15:19:20 TRACE [librism::solvers::adiis] Iteration: 65 Convergence RMSE: 4.346767E-3
15:19:20 TRACE [librism::solvers::adiis] Iteration: 66 Convergence RMSE: 4.348463E-3
15:19:20 TRACE [librism::solvers::adiis] Iteration: 67 Convergence RMSE: 4.352802E-3
15:19:20 TRACE [librism::solvers::adiis] Iteration: 68 Convergence RMSE: 4.350726E-3
15:19:20 TRACE [librism::solvers::adiis] Iteration: 69 Convergence RMSE: 4.360616E-3
15:19:21 TRACE [librism::solvers::adiis] Iteration: 70 Convergence RMSE: 4.348382E-3
15:19:21 TRACE [librism::solvers::adiis] Iteration: 71 Convergence RMSE: 4.341542E-3
15:19:21 TRACE [librism::solvers::adiis] Iteration: 72 Convergence RMSE: 4.331953E-3
15:19:21 TRACE [librism::solvers::adiis] Iteration: 73 Convergence RMSE: 4.332438E-3
15:19:21 TRACE [librism::solvers::adiis] Iteration: 74 Convergence RMSE: 4.333844E-3
15:19:21 TRACE [librism::solvers::adiis] Iteration: 75 Convergence RMSE: 4.329015E-3
15:19:21 TRACE [librism::solvers::adiis] Iteration: 76 Convergence RMSE: 4.330486E-3
15:19:21 TRACE [librism::solvers::adiis] Iteration: 77 Convergence RMSE: 4.329146E-3
15:19:21 TRACE [librism::solvers::adiis] Iteration: 78 Convergence RMSE: 4.331587E-3
15:19:22 TRACE [librism::solvers::adiis] Iteration: 79 Convergence RMSE: 4.333587E-3
15:19:22 TRACE [librism::solvers::adiis] Iteration: 80 Convergence RMSE: 4.319987E-3
15:19:22 TRACE [librism::solvers::adiis] Iteration: 81 Convergence RMSE: 4.321583E-3
15:19:22 TRACE [librism::solvers::adiis] Iteration: 82 Convergence RMSE: 4.324498E-3
15:19:22 TRACE [librism::solvers::adiis] Iteration: 83 Convergence RMSE: 4.318517E-3
15:19:22 TRACE [librism::solvers::adiis] Iteration: 84 Convergence RMSE: 4.311474E-3
15:19:22 TRACE [librism::solvers::adiis] Iteration: 85 Convergence RMSE: 4.301909E-3
15:19:22 TRACE [librism::solvers::adiis] Iteration: 86 Convergence RMSE: 4.305268E-3
15:19:22 TRACE [librism::solvers::adiis] Iteration: 87 Convergence RMSE: 4.309164E-3
15:19:23 TRACE [librism::solvers::adiis] Iteration: 88 Convergence RMSE: 4.302977E-3
15:19:23 TRACE [librism::solvers::adiis] Iteration: 89 Convergence RMSE: 4.302743E-3
15:19:23 TRACE [librism::solvers::adiis] Iteration: 90 Convergence RMSE: 4.301250E-3
15:19:23 TRACE [librism::solvers::adiis] Iteration: 91 Convergence RMSE: 4.235575E-3
15:19:23 TRACE [librism::solvers::adiis] Iteration: 92 Convergence RMSE: 4.168706E-3
15:19:23 TRACE [librism::solvers::adiis] Iteration: 93 Convergence RMSE: 4.158203E-3
15:19:23 TRACE [librism::solvers::adiis] Iteration: 94 Convergence RMSE: 4.156078E-3
15:19:23 TRACE [librism::solvers::adiis] Iteration: 95 Convergence RMSE: 4.141420E-3
15:19:23 TRACE [librism::solvers::adiis] Iteration: 96 Convergence RMSE: 4.114679E-3
15:19:23 TRACE [librism::solvers::adiis] Iteration: 97 Convergence RMSE: 4.080935E-3
15:19:24 TRACE [librism::solvers::adiis] Iteration: 98 Convergence RMSE: 4.065340E-3
15:19:24 TRACE [librism::solvers::adiis] Iteration: 99 Convergence RMSE: 3.967174E-3
15:19:24 TRACE [librism::solvers::adiis] Iteration: 100 Convergence RMSE: 3.774640E-3
15:19:24 TRACE [librism::solvers::adiis] Iteration: 101 Convergence RMSE: 3.656280E-3
15:19:24 TRACE [librism::solvers::adiis] Iteration: 102 Convergence RMSE: 3.441025E-3
15:19:24 TRACE [librism::solvers::adiis] Iteration: 103 Convergence RMSE: 3.335999E-3
15:19:24 TRACE [librism::solvers::adiis] Iteration: 104 Convergence RMSE: 3.211248E-3
15:19:24 TRACE [librism::solvers::adiis] Iteration: 105 Convergence RMSE: 3.174789E-3
15:19:24 TRACE [librism::solvers::adiis] Iteration: 106 Convergence RMSE: 3.056961E-3
15:19:24 TRACE [librism::solvers::adiis] Iteration: 107 Convergence RMSE: 2.930499E-3
15:19:25 TRACE [librism::solvers::adiis] Iteration: 108 Convergence RMSE: 2.863982E-3
15:19:25 TRACE [librism::solvers::adiis] Iteration: 109 Convergence RMSE: 2.807290E-3
15:19:25 TRACE [librism::solvers::adiis] Iteration: 110 Convergence RMSE: 2.754766E-3
15:19:25 TRACE [librism::solvers::adiis] Iteration: 111 Convergence RMSE: 2.704483E-3
15:19:25 TRACE [librism::solvers::adiis] Iteration: 112 Convergence RMSE: 2.595686E-3
15:19:25 TRACE [librism::solvers::adiis] Iteration: 113 Convergence RMSE: 2.507872E-3
15:19:25 TRACE [librism::solvers::adiis] Iteration: 114 Convergence RMSE: 2.387586E-3
15:19:25 TRACE [librism::solvers::adiis] Iteration: 115 Convergence RMSE: 2.246256E-3
15:19:25 TRACE [librism::solvers::adiis] Iteration: 116 Convergence RMSE: 2.085742E-3
15:19:26 TRACE [librism::solvers::adiis] Iteration: 117 Convergence RMSE: 1.928023E-3
15:19:26 TRACE [librism::solvers::adiis] Iteration: 118 Convergence RMSE: 1.859425E-3
15:19:26 TRACE [librism::solvers::adiis] Iteration: 119 Convergence RMSE: 1.776649E-3
15:19:26 TRACE [librism::solvers::adiis] Iteration: 120 Convergence RMSE: 1.716029E-3
15:19:26 TRACE [librism::solvers::adiis] Iteration: 121 Convergence RMSE: 1.703591E-3
15:19:26 TRACE [librism::solvers::adiis] Iteration: 122 Convergence RMSE: 1.699534E-3
15:19:26 TRACE [librism::solvers::adiis] Iteration: 123 Convergence RMSE: 1.696282E-3
15:19:26 TRACE [librism::solvers::adiis] Iteration: 124 Convergence RMSE: 1.679791E-3
15:19:27 TRACE [librism::solvers::adiis] Iteration: 125 Convergence RMSE: 1.679356E-3
15:19:27 TRACE [librism::solvers::adiis] Iteration: 126 Convergence RMSE: 1.679305E-3
15:19:27 TRACE [librism::solvers::adiis] Iteration: 127 Convergence RMSE: 1.675882E-3
15:19:27 TRACE [librism::solvers::adiis] Iteration: 128 Convergence RMSE: 1.675120E-3
15:19:27 TRACE [librism::solvers::adiis] Iteration: 129 Convergence RMSE: 1.660967E-3
15:19:27 TRACE [librism::solvers::adiis] Iteration: 130 Convergence RMSE: 1.645960E-3
15:19:27 TRACE [librism::solvers::adiis] Iteration: 131 Convergence RMSE: 1.645251E-3
15:19:27 TRACE [librism::solvers::adiis] Iteration: 132 Convergence RMSE: 1.644133E-3
15:19:27 TRACE [librism::solvers::adiis] Iteration: 133 Convergence RMSE: 1.638504E-3
15:19:27 TRACE [librism::solvers::adiis] Iteration: 134 Convergence RMSE: 1.639197E-3
15:19:28 TRACE [librism::solvers::adiis] Iteration: 135 Convergence RMSE: 1.624391E-3
15:19:28 TRACE [librism::solvers::adiis] Iteration: 136 Convergence RMSE: 1.614122E-3
15:19:28 TRACE [librism::solvers::adiis] Iteration: 137 Convergence RMSE: 1.611130E-3
15:19:28 TRACE [librism::solvers::adiis] Iteration: 138 Convergence RMSE: 1.612944E-3
15:19:28 TRACE [librism::solvers::adiis] Iteration: 139 Convergence RMSE: 1.614750E-3
15:19:28 TRACE [librism::solvers::adiis] Iteration: 140 Convergence RMSE: 1.609937E-3
15:19:28 TRACE [librism::solvers::adiis] Iteration: 141 Convergence RMSE: 1.608539E-3
15:19:28 TRACE [librism::solvers::adiis] Iteration: 142 Convergence RMSE: 1.607406E-3
15:19:28 TRACE [librism::solvers::adiis] Iteration: 143 Convergence RMSE: 1.607707E-3
15:19:29 TRACE [librism::solvers::adiis] Iteration: 144 Convergence RMSE: 1.608720E-3
15:19:29 TRACE [librism::solvers::adiis] Iteration: 145 Convergence RMSE: 1.607909E-3
15:19:29 TRACE [librism::solvers::adiis] Iteration: 146 Convergence RMSE: 1.605136E-3
15:19:29 TRACE [librism::solvers::adiis] Iteration: 147 Convergence RMSE: 1.604649E-3
15:19:29 TRACE [librism::solvers::adiis] Iteration: 148 Convergence RMSE: 1.606456E-3
15:19:29 TRACE [librism::solvers::adiis] Iteration: 149 Convergence RMSE: 1.605393E-3
15:19:29 TRACE [librism::solvers::adiis] Iteration: 150 Convergence RMSE: 1.605376E-3
15:19:29 TRACE [librism::solvers::adiis] Iteration: 151 Convergence RMSE: 1.606860E-3
15:19:29 TRACE [librism::solvers::adiis] Iteration: 152 Convergence RMSE: 1.607400E-3
15:19:30 TRACE [librism::solvers::adiis] Iteration: 153 Convergence RMSE: 1.607540E-3
15:19:30 TRACE [librism::solvers::adiis] Iteration: 154 Convergence RMSE: 1.606768E-3
15:19:30 TRACE [librism::solvers::adiis] Iteration: 155 Convergence RMSE: 1.603471E-3
15:19:30 TRACE [librism::solvers::adiis] Iteration: 156 Convergence RMSE: 1.595497E-3
15:19:30 TRACE [librism::solvers::adiis] Iteration: 157 Convergence RMSE: 1.595339E-3
15:19:30 TRACE [librism::solvers::adiis] Iteration: 158 Convergence RMSE: 1.595994E-3
15:19:30 TRACE [librism::solvers::adiis] Iteration: 159 Convergence RMSE: 1.595169E-3
15:19:30 TRACE [librism::solvers::adiis] Iteration: 160 Convergence RMSE: 1.590764E-3
15:19:30 TRACE [librism::solvers::adiis] Iteration: 161 Convergence RMSE: 1.589664E-3
15:19:30 TRACE [librism::solvers::adiis] Iteration: 162 Convergence RMSE: 1.583993E-3
15:19:31 TRACE [librism::solvers::adiis] Iteration: 163 Convergence RMSE: 1.577778E-3
15:19:31 TRACE [librism::solvers::adiis] Iteration: 164 Convergence RMSE: 1.560556E-3
15:19:31 TRACE [librism::solvers::adiis] Iteration: 165 Convergence RMSE: 1.540718E-3
15:19:31 TRACE [librism::solvers::adiis] Iteration: 166 Convergence RMSE: 1.535857E-3
15:19:31 TRACE [librism::solvers::adiis] Iteration: 167 Convergence RMSE: 1.528353E-3
15:19:31 TRACE [librism::solvers::adiis] Iteration: 168 Convergence RMSE: 1.507939E-3
15:19:31 TRACE [librism::solvers::adiis] Iteration: 169 Convergence RMSE: 1.450151E-3
15:19:31 TRACE [librism::solvers::adiis] Iteration: 170 Convergence RMSE: 1.422467E-3
15:19:31 TRACE [librism::solvers::adiis] Iteration: 171 Convergence RMSE: 1.411769E-3
15:19:31 TRACE [librism::solvers::adiis] Iteration: 172 Convergence RMSE: 1.410300E-3
15:19:32 TRACE [librism::solvers::adiis] Iteration: 173 Convergence RMSE: 1.407997E-3
15:19:32 TRACE [librism::solvers::adiis] Iteration: 174 Convergence RMSE: 1.395938E-3
15:19:32 TRACE [librism::solvers::adiis] Iteration: 175 Convergence RMSE: 1.375410E-3
15:19:32 TRACE [librism::solvers::adiis] Iteration: 176 Convergence RMSE: 1.351920E-3
15:19:32 TRACE [librism::solvers::adiis] Iteration: 177 Convergence RMSE: 1.340970E-3
15:19:32 TRACE [librism::solvers::adiis] Iteration: 178 Convergence RMSE: 1.327293E-3
15:19:32 TRACE [librism::solvers::adiis] Iteration: 179 Convergence RMSE: 1.322885E-3
15:19:32 TRACE [librism::solvers::adiis] Iteration: 180 Convergence RMSE: 1.322405E-3
15:19:32 TRACE [librism::solvers::adiis] Iteration: 181 Convergence RMSE: 1.319496E-3
15:19:33 TRACE [librism::solvers::adiis] Iteration: 182 Convergence RMSE: 1.319532E-3
15:19:33 TRACE [librism::solvers::adiis] Iteration: 183 Convergence RMSE: 1.319065E-3
15:19:33 TRACE [librism::solvers::adiis] Iteration: 184 Convergence RMSE: 1.318569E-3
15:19:33 TRACE [librism::solvers::adiis] Iteration: 185 Convergence RMSE: 1.318790E-3
15:19:33 TRACE [librism::solvers::adiis] Iteration: 186 Convergence RMSE: 1.317941E-3
15:19:33 TRACE [librism::solvers::adiis] Iteration: 187 Convergence RMSE: 1.317322E-3
15:19:33 TRACE [librism::solvers::adiis] Iteration: 188 Convergence RMSE: 1.317522E-3
15:19:33 TRACE [librism::solvers::adiis] Iteration: 189 Convergence RMSE: 1.317096E-3
15:19:33 TRACE [librism::solvers::adiis] Iteration: 190 Convergence RMSE: 1.316884E-3
15:19:33 TRACE [librism::solvers::adiis] Iteration: 191 Convergence RMSE: 1.315808E-3
15:19:33 TRACE [librism::solvers::adiis] Iteration: 192 Convergence RMSE: 1.316957E-3
15:19:34 TRACE [librism::solvers::adiis] Iteration: 193 Convergence RMSE: 1.313733E-3
15:19:34 TRACE [librism::solvers::adiis] Iteration: 194 Convergence RMSE: 1.307854E-3
15:19:34 TRACE [librism::solvers::adiis] Iteration: 195 Convergence RMSE: 1.307069E-3
15:19:34 TRACE [librism::solvers::adiis] Iteration: 196 Convergence RMSE: 1.308450E-3
15:19:34 TRACE [librism::solvers::adiis] Iteration: 197 Convergence RMSE: 1.307510E-3
15:19:34 TRACE [librism::solvers::adiis] Iteration: 198 Convergence RMSE: 1.299811E-3
15:19:34 TRACE [librism::solvers::adiis] Iteration: 199 Convergence RMSE: 1.302648E-3
15:19:34 TRACE [librism::solvers::adiis] Iteration: 200 Convergence RMSE: 1.301679E-3
15:19:34 TRACE [librism::solvers::adiis] Iteration: 201 Convergence RMSE: 1.302116E-3
15:19:35 TRACE [librism::solvers::adiis] Iteration: 202 Convergence RMSE: 1.302011E-3
15:19:35 TRACE [librism::solvers::adiis] Iteration: 203 Convergence RMSE: 1.301880E-3
15:19:35 TRACE [librism::solvers::adiis] Iteration: 204 Convergence RMSE: 1.302413E-3
15:19:35 TRACE [librism::solvers::adiis] Iteration: 205 Convergence RMSE: 1.302202E-3
15:19:35 TRACE [librism::solvers::adiis] Iteration: 206 Convergence RMSE: 1.302841E-3
15:19:35 TRACE [librism::solvers::adiis] Iteration: 207 Convergence RMSE: 1.300038E-3
15:19:35 TRACE [librism::solvers::adiis] Iteration: 208 Convergence RMSE: 1.302670E-3
15:19:35 TRACE [librism::solvers::adiis] Iteration: 209 Convergence RMSE: 1.298098E-3
15:19:35 TRACE [librism::solvers::adiis] Iteration: 210 Convergence RMSE: 1.300663E-3
15:19:36 TRACE [librism::solvers::adiis] Iteration: 211 Convergence RMSE: 1.299044E-3
15:19:36 TRACE [librism::solvers::adiis] Iteration: 212 Convergence RMSE: 1.298635E-3
15:19:36 TRACE [librism::solvers::adiis] Iteration: 213 Convergence RMSE: 1.299114E-3
15:19:36 TRACE [librism::solvers::adiis] Iteration: 214 Convergence RMSE: 1.299038E-3
15:19:36 TRACE [librism::solvers::adiis] Iteration: 215 Convergence RMSE: 1.298819E-3
15:19:36 TRACE [librism::solvers::adiis] Iteration: 216 Convergence RMSE: 1.298471E-3
15:19:36 TRACE [librism::solvers::adiis] Iteration: 217 Convergence RMSE: 1.296549E-3
15:19:36 TRACE [librism::solvers::adiis] Iteration: 218 Convergence RMSE: 1.295002E-3
15:19:36 TRACE [librism::solvers::adiis] Iteration: 219 Convergence RMSE: 1.292022E-3
15:19:37 TRACE [librism::solvers::adiis] Iteration: 220 Convergence RMSE: 1.294498E-3
15:19:37 TRACE [librism::solvers::adiis] Iteration: 221 Convergence RMSE: 1.290181E-3
15:19:37 TRACE [librism::solvers::adiis] Iteration: 222 Convergence RMSE: 1.286318E-3
15:19:37 TRACE [librism::solvers::adiis] Iteration: 223 Convergence RMSE: 1.284086E-3
15:19:37 TRACE [librism::solvers::adiis] Iteration: 224 Convergence RMSE: 1.282180E-3
15:19:37 TRACE [librism::solvers::adiis] Iteration: 225 Convergence RMSE: 1.282179E-3
15:19:37 TRACE [librism::solvers::adiis] Iteration: 226 Convergence RMSE: 1.283330E-3
15:19:37 TRACE [librism::solvers::adiis] Iteration: 227 Convergence RMSE: 1.282378E-3
15:19:38 TRACE [librism::solvers::adiis] Iteration: 228 Convergence RMSE: 1.282203E-3
15:19:38 TRACE [librism::solvers::adiis] Iteration: 229 Convergence RMSE: 1.282109E-3
15:19:38 TRACE [librism::solvers::adiis] Iteration: 230 Convergence RMSE: 1.282231E-3
15:19:38 TRACE [librism::solvers::adiis] Iteration: 231 Convergence RMSE: 1.283379E-3
15:19:38 TRACE [librism::solvers::adiis] Iteration: 232 Convergence RMSE: 1.285786E-3
15:19:38 TRACE [librism::solvers::adiis] Iteration: 233 Convergence RMSE: 1.286298E-3
15:19:38 TRACE [librism::solvers::adiis] Iteration: 234 Convergence RMSE: 1.284756E-3
15:19:38 TRACE [librism::solvers::adiis] Iteration: 235 Convergence RMSE: 1.281287E-3
15:19:38 TRACE [librism::solvers::adiis] Iteration: 236 Convergence RMSE: 1.281926E-3
15:19:38 TRACE [librism::solvers::adiis] Iteration: 237 Convergence RMSE: 1.281376E-3
15:19:39 TRACE [librism::solvers::adiis] Iteration: 238 Convergence RMSE: 1.282552E-3
15:19:39 TRACE [librism::solvers::adiis] Iteration: 239 Convergence RMSE: 1.282952E-3
15:19:39 TRACE [librism::solvers::adiis] Iteration: 240 Convergence RMSE: 1.281799E-3
15:19:39 TRACE [librism::solvers::adiis] Iteration: 241 Convergence RMSE: 1.281531E-3
15:19:39 TRACE [librism::solvers::adiis] Iteration: 242 Convergence RMSE: 1.281418E-3
15:19:39 TRACE [librism::solvers::adiis] Iteration: 243 Convergence RMSE: 1.283474E-3
15:19:39 TRACE [librism::solvers::adiis] Iteration: 244 Convergence RMSE: 1.283010E-3
15:19:39 TRACE [librism::solvers::adiis] Iteration: 245 Convergence RMSE: 1.283984E-3
15:19:39 TRACE [librism::solvers::adiis] Iteration: 246 Convergence RMSE: 1.283488E-3
15:19:39 TRACE [librism::solvers::adiis] Iteration: 247 Convergence RMSE: 1.282078E-3
15:19:40 TRACE [librism::solvers::adiis] Iteration: 248 Convergence RMSE: 1.281904E-3
15:19:40 TRACE [librism::solvers::adiis] Iteration: 249 Convergence RMSE: 1.282197E-3
15:19:40 TRACE [librism::solvers::adiis] Iteration: 250 Convergence RMSE: 1.284006E-3
15:19:40 TRACE [librism::solvers::adiis] Iteration: 251 Convergence RMSE: 1.281881E-3
15:19:40 TRACE [librism::solvers::adiis] Iteration: 252 Convergence RMSE: 1.285118E-3
15:19:40 TRACE [librism::solvers::adiis] Iteration: 253 Convergence RMSE: 1.281771E-3
15:19:40 TRACE [librism::solvers::adiis] Iteration: 254 Convergence RMSE: 1.280652E-3
15:19:40 TRACE [librism::solvers::adiis] Iteration: 255 Convergence RMSE: 1.283680E-3
15:19:40 TRACE [librism::solvers::adiis] Iteration: 256 Convergence RMSE: 1.282566E-3
15:19:41 TRACE [librism::solvers::adiis] Iteration: 257 Convergence RMSE: 1.281137E-3
15:19:41 TRACE [librism::solvers::adiis] Iteration: 258 Convergence RMSE: 1.281783E-3
15:19:41 TRACE [librism::solvers::adiis] Iteration: 259 Convergence RMSE: 1.280196E-3
15:19:41 TRACE [librism::solvers::adiis] Iteration: 260 Convergence RMSE: 1.281070E-3
15:19:41 TRACE [librism::solvers::adiis] Iteration: 261 Convergence RMSE: 1.281257E-3
15:19:41 TRACE [librism::solvers::adiis] Iteration: 262 Convergence RMSE: 1.280260E-3
15:19:41 TRACE [librism::solvers::adiis] Iteration: 263 Convergence RMSE: 1.281977E-3
15:19:41 TRACE [librism::solvers::adiis] Iteration: 264 Convergence RMSE: 1.280182E-3
15:19:42 TRACE [librism::solvers::adiis] Iteration: 265 Convergence RMSE: 1.283404E-3
15:19:42 TRACE [librism::solvers::adiis] Iteration: 266 Convergence RMSE: 1.280352E-3
15:19:42 TRACE [librism::solvers::adiis] Iteration: 267 Convergence RMSE: 1.281191E-3
15:19:42 TRACE [librism::solvers::adiis] Iteration: 268 Convergence RMSE: 1.279798E-3
15:19:42 TRACE [librism::solvers::adiis] Iteration: 269 Convergence RMSE: 1.280556E-3
15:19:42 TRACE [librism::solvers::adiis] Iteration: 270 Convergence RMSE: 1.280211E-3
15:19:42 TRACE [librism::solvers::adiis] Iteration: 271 Convergence RMSE: 1.279819E-3
15:19:42 TRACE [librism::solvers::adiis] Iteration: 272 Convergence RMSE: 1.285314E-3
15:19:43 TRACE [librism::solvers::adiis] Iteration: 273 Convergence RMSE: 1.279360E-3
15:19:43 TRACE [librism::solvers::adiis] Iteration: 274 Convergence RMSE: 1.279372E-3
15:19:43 TRACE [librism::solvers::adiis] Iteration: 275 Convergence RMSE: 1.279310E-3
15:19:43 TRACE [librism::solvers::adiis] Iteration: 276 Convergence RMSE: 1.279191E-3
15:19:43 TRACE [librism::solvers::adiis] Iteration: 277 Convergence RMSE: 1.280874E-3
15:19:43 TRACE [librism::solvers::adiis] Iteration: 278 Convergence RMSE: 1.281205E-3
15:19:43 TRACE [librism::solvers::adiis] Iteration: 279 Convergence RMSE: 1.276053E-3
15:19:43 TRACE [librism::solvers::adiis] Iteration: 280 Convergence RMSE: 1.270552E-3
15:19:43 TRACE [librism::solvers::adiis] Iteration: 281 Convergence RMSE: 1.268154E-3
15:19:43 TRACE [librism::solvers::adiis] Iteration: 282 Convergence RMSE: 1.267494E-3
15:19:44 TRACE [librism::solvers::adiis] Iteration: 283 Convergence RMSE: 1.265567E-3
15:19:44 TRACE [librism::solvers::adiis] Iteration: 284 Convergence RMSE: 1.249994E-3
15:19:44 TRACE [librism::solvers::adiis] Iteration: 285 Convergence RMSE: 1.246108E-3
15:19:44 TRACE [librism::solvers::adiis] Iteration: 286 Convergence RMSE: 1.243898E-3
15:19:44 TRACE [librism::solvers::adiis] Iteration: 287 Convergence RMSE: 1.243319E-3
15:19:44 TRACE [librism::solvers::adiis] Iteration: 288 Convergence RMSE: 1.239330E-3
15:19:44 TRACE [librism::solvers::adiis] Iteration: 289 Convergence RMSE: 1.236219E-3
15:19:44 TRACE [librism::solvers::adiis] Iteration: 290 Convergence RMSE: 1.215840E-3
15:19:44 TRACE [librism::solvers::adiis] Iteration: 291 Convergence RMSE: 1.203195E-3
15:19:44 TRACE [librism::solvers::adiis] Iteration: 292 Convergence RMSE: 1.187786E-3
15:19:45 TRACE [librism::solvers::adiis] Iteration: 293 Convergence RMSE: 1.177110E-3
15:19:45 TRACE [librism::solvers::adiis] Iteration: 294 Convergence RMSE: 1.155509E-3
15:19:45 TRACE [librism::solvers::adiis] Iteration: 295 Convergence RMSE: 1.115712E-3
15:19:45 TRACE [librism::solvers::adiis] Iteration: 296 Convergence RMSE: 1.026344E-3
15:19:45 TRACE [librism::solvers::adiis] Iteration: 297 Convergence RMSE: 1.004018E-3
15:19:45 TRACE [librism::solvers::adiis] Iteration: 298 Convergence RMSE: 9.727343E-4
15:19:45 TRACE [librism::solvers::adiis] Iteration: 299 Convergence RMSE: 9.622549E-4
15:19:45 TRACE [librism::solvers::adiis] Iteration: 300 Convergence RMSE: 9.559000E-4
15:19:45 TRACE [librism::solvers::adiis] Iteration: 301 Convergence RMSE: 9.517005E-4
15:19:46 TRACE [librism::solvers::adiis] Iteration: 302 Convergence RMSE: 9.411395E-4
15:19:46 TRACE [librism::solvers::adiis] Iteration: 303 Convergence RMSE: 9.341054E-4
15:19:46 TRACE [librism::solvers::adiis] Iteration: 304 Convergence RMSE: 9.246118E-4
15:19:46 TRACE [librism::solvers::adiis] Iteration: 305 Convergence RMSE: 8.861118E-4
15:19:46 TRACE [librism::solvers::adiis] Iteration: 306 Convergence RMSE: 8.539529E-4
15:19:46 TRACE [librism::solvers::adiis] Iteration: 307 Convergence RMSE: 8.370535E-4
15:19:46 TRACE [librism::solvers::adiis] Iteration: 308 Convergence RMSE: 8.102516E-4
15:19:46 TRACE [librism::solvers::adiis] Iteration: 309 Convergence RMSE: 7.877076E-4
15:19:46 TRACE [librism::solvers::adiis] Iteration: 310 Convergence RMSE: 7.707607E-4
15:19:46 TRACE [librism::solvers::adiis] Iteration: 311 Convergence RMSE: 7.688092E-4
15:19:47 TRACE [librism::solvers::adiis] Iteration: 312 Convergence RMSE: 7.656557E-4
15:19:47 TRACE [librism::solvers::adiis] Iteration: 313 Convergence RMSE: 7.447097E-4
15:19:47 TRACE [librism::solvers::adiis] Iteration: 314 Convergence RMSE: 7.398287E-4
15:19:47 TRACE [librism::solvers::adiis] Iteration: 315 Convergence RMSE: 7.230069E-4
15:19:47 TRACE [librism::solvers::adiis] Iteration: 316 Convergence RMSE: 6.931211E-4
15:19:47 TRACE [librism::solvers::adiis] Iteration: 317 Convergence RMSE: 6.645557E-4
15:19:47 TRACE [librism::solvers::adiis] Iteration: 318 Convergence RMSE: 6.316945E-4
15:19:47 TRACE [librism::solvers::adiis] Iteration: 319 Convergence RMSE: 5.924139E-4
15:19:47 TRACE [librism::solvers::adiis] Iteration: 320 Convergence RMSE: 5.599748E-4
15:19:47 TRACE [librism::solvers::adiis] Iteration: 321 Convergence RMSE: 5.343005E-4
15:19:48 TRACE [librism::solvers::adiis] Iteration: 322 Convergence RMSE: 5.273621E-4
15:19:48 TRACE [librism::solvers::adiis] Iteration: 323 Convergence RMSE: 5.203988E-4
15:19:48 TRACE [librism::solvers::adiis] Iteration: 324 Convergence RMSE: 5.160477E-4
15:19:48 TRACE [librism::solvers::adiis] Iteration: 325 Convergence RMSE: 5.134891E-4
15:19:48 TRACE [librism::solvers::adiis] Iteration: 326 Convergence RMSE: 5.086249E-4
15:19:48 TRACE [librism::solvers::adiis] Iteration: 327 Convergence RMSE: 5.032725E-4
15:19:48 TRACE [librism::solvers::adiis] Iteration: 328 Convergence RMSE: 5.032926E-4
15:19:48 TRACE [librism::solvers::adiis] Iteration: 329 Convergence RMSE: 5.030615E-4
15:19:48 TRACE [librism::solvers::adiis] Iteration: 330 Convergence RMSE: 5.022673E-4
15:19:49 TRACE [librism::solvers::adiis] Iteration: 331 Convergence RMSE: 5.023024E-4
15:19:49 TRACE [librism::solvers::adiis] Iteration: 332 Convergence RMSE: 5.023426E-4
15:19:49 TRACE [librism::solvers::adiis] Iteration: 333 Convergence RMSE: 5.018609E-4
15:19:49 TRACE [librism::solvers::adiis] Iteration: 334 Convergence RMSE: 5.020199E-4
15:19:49 TRACE [librism::solvers::adiis] Iteration: 335 Convergence RMSE: 5.010709E-4
15:19:49 TRACE [librism::solvers::adiis] Iteration: 336 Convergence RMSE: 4.993685E-4
15:19:49 TRACE [librism::solvers::adiis] Iteration: 337 Convergence RMSE: 4.985300E-4
15:19:49 TRACE [librism::solvers::adiis] Iteration: 338 Convergence RMSE: 4.983285E-4
15:19:49 TRACE [librism::solvers::adiis] Iteration: 339 Convergence RMSE: 4.979663E-4
15:19:50 TRACE [librism::solvers::adiis] Iteration: 340 Convergence RMSE: 4.974641E-4
15:19:50 TRACE [librism::solvers::adiis] Iteration: 341 Convergence RMSE: 4.975994E-4
15:19:50 TRACE [librism::solvers::adiis] Iteration: 342 Convergence RMSE: 4.971026E-4
15:19:50 TRACE [librism::solvers::adiis] Iteration: 343 Convergence RMSE: 4.969737E-4
15:19:50 TRACE [librism::solvers::adiis] Iteration: 344 Convergence RMSE: 4.967577E-4
15:19:50 TRACE [librism::solvers::adiis] Iteration: 345 Convergence RMSE: 4.977022E-4
15:19:50 TRACE [librism::solvers::adiis] Iteration: 346 Convergence RMSE: 4.973215E-4
15:19:50 TRACE [librism::solvers::adiis] Iteration: 347 Convergence RMSE: 4.962207E-4
15:19:50 TRACE [librism::solvers::adiis] Iteration: 348 Convergence RMSE: 4.960121E-4
15:19:50 TRACE [librism::solvers::adiis] Iteration: 349 Convergence RMSE: 4.944690E-4
15:19:50 TRACE [librism::solvers::adiis] Iteration: 350 Convergence RMSE: 4.941098E-4
15:19:51 TRACE [librism::solvers::adiis] Iteration: 351 Convergence RMSE: 4.942204E-4
15:19:51 TRACE [librism::solvers::adiis] Iteration: 352 Convergence RMSE: 4.945437E-4
15:19:51 TRACE [librism::solvers::adiis] Iteration: 353 Convergence RMSE: 4.852603E-4
15:19:51 TRACE [librism::solvers::adiis] Iteration: 354 Convergence RMSE: 4.798609E-4
15:19:51 TRACE [librism::solvers::adiis] Iteration: 355 Convergence RMSE: 4.783202E-4
15:19:51 TRACE [librism::solvers::adiis] Iteration: 356 Convergence RMSE: 4.744091E-4
15:19:51 TRACE [librism::solvers::adiis] Iteration: 357 Convergence RMSE: 4.709050E-4
15:19:51 TRACE [librism::solvers::adiis] Iteration: 358 Convergence RMSE: 4.689917E-4
15:19:51 TRACE [librism::solvers::adiis] Iteration: 359 Convergence RMSE: 4.671593E-4
15:19:52 TRACE [librism::solvers::adiis] Iteration: 360 Convergence RMSE: 4.649618E-4
15:19:52 TRACE [librism::solvers::adiis] Iteration: 361 Convergence RMSE: 4.641176E-4
15:19:52 TRACE [librism::solvers::adiis] Iteration: 362 Convergence RMSE: 4.641313E-4
15:19:52 TRACE [librism::solvers::adiis] Iteration: 363 Convergence RMSE: 4.642808E-4
15:19:52 TRACE [librism::solvers::adiis] Iteration: 364 Convergence RMSE: 4.642628E-4
15:19:52 TRACE [librism::solvers::adiis] Iteration: 365 Convergence RMSE: 4.638580E-4
15:19:52 TRACE [librism::solvers::adiis] Iteration: 366 Convergence RMSE: 4.633512E-4
15:19:52 TRACE [librism::solvers::adiis] Iteration: 367 Convergence RMSE: 4.617621E-4
15:19:52 TRACE [librism::solvers::adiis] Iteration: 368 Convergence RMSE: 4.607894E-4
15:19:53 TRACE [librism::solvers::adiis] Iteration: 369 Convergence RMSE: 4.610883E-4
15:19:53 TRACE [librism::solvers::adiis] Iteration: 370 Convergence RMSE: 4.613259E-4
15:19:53 TRACE [librism::solvers::adiis] Iteration: 371 Convergence RMSE: 4.613994E-4
15:19:53 TRACE [librism::solvers::adiis] Iteration: 372 Convergence RMSE: 4.610737E-4
15:19:53 TRACE [librism::solvers::adiis] Iteration: 373 Convergence RMSE: 4.611096E-4
15:19:53 TRACE [librism::solvers::adiis] Iteration: 374 Convergence RMSE: 4.610326E-4
15:19:53 TRACE [librism::solvers::adiis] Iteration: 375 Convergence RMSE: 4.620776E-4
15:19:53 TRACE [librism::solvers::adiis] Iteration: 376 Convergence RMSE: 4.616121E-4
15:19:53 TRACE [librism::solvers::adiis] Iteration: 377 Convergence RMSE: 4.605913E-4
15:19:53 TRACE [librism::solvers::adiis] Iteration: 378 Convergence RMSE: 4.571621E-4
15:19:54 TRACE [librism::solvers::adiis] Iteration: 379 Convergence RMSE: 4.530033E-4
15:19:54 TRACE [librism::solvers::adiis] Iteration: 380 Convergence RMSE: 4.472556E-4
15:19:54 TRACE [librism::solvers::adiis] Iteration: 381 Convergence RMSE: 4.409153E-4
15:19:54 TRACE [librism::solvers::adiis] Iteration: 382 Convergence RMSE: 4.366728E-4
15:19:54 TRACE [librism::solvers::adiis] Iteration: 383 Convergence RMSE: 4.348227E-4
15:19:54 TRACE [librism::solvers::adiis] Iteration: 384 Convergence RMSE: 4.257643E-4
15:19:54 TRACE [librism::solvers::adiis] Iteration: 385 Convergence RMSE: 4.214262E-4
15:19:54 TRACE [librism::solvers::adiis] Iteration: 386 Convergence RMSE: 4.122586E-4
15:19:54 TRACE [librism::solvers::adiis] Iteration: 387 Convergence RMSE: 4.105092E-4
15:19:55 TRACE [librism::solvers::adiis] Iteration: 388 Convergence RMSE: 4.057616E-4
15:19:55 TRACE [librism::solvers::adiis] Iteration: 389 Convergence RMSE: 3.914858E-4
15:19:55 TRACE [librism::solvers::adiis] Iteration: 390 Convergence RMSE: 3.773832E-4
15:19:55 TRACE [librism::solvers::adiis] Iteration: 391 Convergence RMSE: 3.685877E-4
15:19:55 TRACE [librism::solvers::adiis] Iteration: 392 Convergence RMSE: 3.636607E-4
15:19:55 TRACE [librism::solvers::adiis] Iteration: 393 Convergence RMSE: 3.599935E-4
15:19:55 TRACE [librism::solvers::adiis] Iteration: 394 Convergence RMSE: 3.572005E-4
15:19:55 TRACE [librism::solvers::adiis] Iteration: 395 Convergence RMSE: 3.522900E-4
15:19:55 TRACE [librism::solvers::adiis] Iteration: 396 Convergence RMSE: 3.497012E-4
15:19:56 TRACE [librism::solvers::adiis] Iteration: 397 Convergence RMSE: 3.414213E-4
15:19:56 TRACE [librism::solvers::adiis] Iteration: 398 Convergence RMSE: 3.309216E-4
15:19:56 TRACE [librism::solvers::adiis] Iteration: 399 Convergence RMSE: 3.231929E-4
15:19:56 TRACE [librism::solvers::adiis] Iteration: 400 Convergence RMSE: 3.216684E-4
15:19:56 TRACE [librism::solvers::adiis] Iteration: 401 Convergence RMSE: 3.158239E-4
15:19:56 TRACE [librism::solvers::adiis] Iteration: 402 Convergence RMSE: 3.116220E-4
15:19:56 TRACE [librism::solvers::adiis] Iteration: 403 Convergence RMSE: 3.054056E-4
15:19:56 TRACE [librism::solvers::adiis] Iteration: 404 Convergence RMSE: 3.030085E-4
15:19:57 TRACE [librism::solvers::adiis] Iteration: 405 Convergence RMSE: 3.024158E-4
15:19:57 TRACE [librism::solvers::adiis] Iteration: 406 Convergence RMSE: 2.998418E-4
15:19:57 TRACE [librism::solvers::adiis] Iteration: 407 Convergence RMSE: 2.972229E-4
15:19:57 TRACE [librism::solvers::adiis] Iteration: 408 Convergence RMSE: 2.960623E-4
15:19:57 TRACE [librism::solvers::adiis] Iteration: 409 Convergence RMSE: 2.953643E-4
15:19:57 TRACE [librism::solvers::adiis] Iteration: 410 Convergence RMSE: 2.942994E-4
15:19:57 TRACE [librism::solvers::adiis] Iteration: 411 Convergence RMSE: 2.924071E-4
15:19:57 TRACE [librism::solvers::adiis] Iteration: 412 Convergence RMSE: 2.894558E-4
15:19:58 TRACE [librism::solvers::adiis] Iteration: 413 Convergence RMSE: 2.855193E-4
15:19:58 TRACE [librism::solvers::adiis] Iteration: 414 Convergence RMSE: 2.647861E-4
15:19:58 TRACE [librism::solvers::adiis] Iteration: 415 Convergence RMSE: 2.492135E-4
15:19:58 TRACE [librism::solvers::adiis] Iteration: 416 Convergence RMSE: 2.342537E-4
15:19:58 TRACE [librism::solvers::adiis] Iteration: 417 Convergence RMSE: 2.259624E-4
15:19:58 TRACE [librism::solvers::adiis] Iteration: 418 Convergence RMSE: 2.222036E-4
15:19:58 TRACE [librism::solvers::adiis] Iteration: 419 Convergence RMSE: 2.192712E-4
15:19:58 TRACE [librism::solvers::adiis] Iteration: 420 Convergence RMSE: 2.179022E-4
15:19:58 TRACE [librism::solvers::adiis] Iteration: 421 Convergence RMSE: 2.171542E-4
15:19:59 TRACE [librism::solvers::adiis] Iteration: 422 Convergence RMSE: 2.155232E-4
15:19:59 TRACE [librism::solvers::adiis] Iteration: 423 Convergence RMSE: 2.113731E-4
15:19:59 TRACE [librism::solvers::adiis] Iteration: 424 Convergence RMSE: 2.045480E-4
15:19:59 TRACE [librism::solvers::adiis] Iteration: 425 Convergence RMSE: 2.017001E-4
15:19:59 TRACE [librism::solvers::adiis] Iteration: 426 Convergence RMSE: 1.980490E-4
15:19:59 TRACE [librism::solvers::adiis] Iteration: 427 Convergence RMSE: 1.816092E-4
15:19:59 TRACE [librism::solvers::adiis] Iteration: 428 Convergence RMSE: 1.732075E-4
15:19:59 TRACE [librism::solvers::adiis] Iteration: 429 Convergence RMSE: 1.671622E-4
15:19:59 TRACE [librism::solvers::adiis] Iteration: 430 Convergence RMSE: 1.612307E-4
15:20:00 TRACE [librism::solvers::adiis] Iteration: 431 Convergence RMSE: 1.571502E-4
15:20:00 TRACE [librism::solvers::adiis] Iteration: 432 Convergence RMSE: 1.556292E-4
15:20:00 TRACE [librism::solvers::adiis] Iteration: 433 Convergence RMSE: 1.516103E-4
15:20:00 TRACE [librism::solvers::adiis] Iteration: 434 Convergence RMSE: 1.474785E-4
15:20:00 TRACE [librism::solvers::adiis] Iteration: 435 Convergence RMSE: 1.436579E-4
15:20:00 TRACE [librism::solvers::adiis] Iteration: 436 Convergence RMSE: 1.384501E-4
15:20:00 TRACE [librism::solvers::adiis] Iteration: 437 Convergence RMSE: 1.315636E-4
15:20:00 TRACE [librism::solvers::adiis] Iteration: 438 Convergence RMSE: 1.270654E-4
15:20:00 TRACE [librism::solvers::adiis] Iteration: 439 Convergence RMSE: 1.229175E-4
15:20:01 TRACE [librism::solvers::adiis] Iteration: 440 Convergence RMSE: 1.173315E-4
15:20:01 TRACE [librism::solvers::adiis] Iteration: 441 Convergence RMSE: 1.115891E-4
15:20:01 TRACE [librism::solvers::adiis] Iteration: 442 Convergence RMSE: 1.113575E-4
15:20:01 TRACE [librism::solvers::adiis] Iteration: 443 Convergence RMSE: 1.109171E-4
15:20:01 TRACE [librism::solvers::adiis] Iteration: 444 Convergence RMSE: 1.091459E-4
15:20:01 TRACE [librism::solvers::adiis] Iteration: 445 Convergence RMSE: 1.088239E-4
15:20:01 TRACE [librism::solvers::adiis] Iteration: 446 Convergence RMSE: 1.086377E-4
15:20:01 TRACE [librism::solvers::adiis] Iteration: 447 Convergence RMSE: 1.084878E-4
15:20:01 TRACE [librism::solvers::adiis] Iteration: 448 Convergence RMSE: 1.075065E-4
15:20:02 TRACE [librism::solvers::adiis] Iteration: 449 Convergence RMSE: 1.001368E-4
15:20:02 TRACE [librism::solvers::adiis] Iteration: 450 Convergence RMSE: 9.332926E-5
15:20:02 TRACE [librism::solvers::adiis] Iteration: 451 Convergence RMSE: 9.125761E-5
15:20:02 TRACE [librism::solvers::adiis] Iteration: 452 Convergence RMSE: 8.816283E-5
15:20:02 TRACE [librism::solvers::adiis] Iteration: 453 Convergence RMSE: 8.379432E-5
15:20:02 TRACE [librism::solvers::adiis] Iteration: 454 Convergence RMSE: 7.856829E-5
15:20:02 TRACE [librism::solvers::adiis] Iteration: 455 Convergence RMSE: 7.755560E-5
15:20:02 TRACE [librism::solvers::adiis] Iteration: 456 Convergence RMSE: 7.660175E-5
15:20:03 TRACE [librism::solvers::adiis] Iteration: 457 Convergence RMSE: 7.340934E-5
15:20:03 TRACE [librism::solvers::adiis] Iteration: 458 Convergence RMSE: 6.708541E-5
15:20:03 TRACE [librism::solvers::adiis] Iteration: 459 Convergence RMSE: 6.537444E-5
15:20:03 TRACE [librism::solvers::adiis] Iteration: 460 Convergence RMSE: 6.497046E-5
15:20:03 TRACE [librism::solvers::adiis] Iteration: 461 Convergence RMSE: 6.425767E-5
15:20:03 TRACE [librism::solvers::adiis] Iteration: 462 Convergence RMSE: 6.415177E-5
15:20:03 TRACE [librism::solvers::adiis] Iteration: 463 Convergence RMSE: 6.404134E-5
15:20:03 TRACE [librism::solvers::adiis] Iteration: 464 Convergence RMSE: 6.387644E-5
15:20:03 TRACE [librism::solvers::adiis] Iteration: 465 Convergence RMSE: 6.354620E-5
15:20:03 TRACE [librism::solvers::adiis] Iteration: 466 Convergence RMSE: 6.340509E-5
15:20:04 TRACE [librism::solvers::adiis] Iteration: 467 Convergence RMSE: 6.342011E-5
15:20:04 TRACE [librism::solvers::adiis] Iteration: 468 Convergence RMSE: 6.328027E-5
15:20:04 TRACE [librism::solvers::adiis] Iteration: 469 Convergence RMSE: 6.320734E-5
15:20:04 TRACE [librism::solvers::adiis] Iteration: 470 Convergence RMSE: 6.317203E-5
15:20:04 TRACE [librism::solvers::adiis] Iteration: 471 Convergence RMSE: 6.304638E-5
15:20:04 TRACE [librism::solvers::adiis] Iteration: 472 Convergence RMSE: 6.207751E-5
15:20:04 TRACE [librism::solvers::adiis] Iteration: 473 Convergence RMSE: 6.134777E-5
15:20:04 TRACE [librism::solvers::adiis] Iteration: 474 Convergence RMSE: 6.124682E-5
15:20:04 TRACE [librism::solvers::adiis] Iteration: 475 Convergence RMSE: 6.109851E-5
15:20:05 TRACE [librism::solvers::adiis] Iteration: 476 Convergence RMSE: 5.895411E-5
15:20:05 TRACE [librism::solvers::adiis] Iteration: 477 Convergence RMSE: 5.690683E-5
15:20:05 TRACE [librism::solvers::adiis] Iteration: 478 Convergence RMSE: 5.359713E-5
15:20:05 TRACE [librism::solvers::adiis] Iteration: 479 Convergence RMSE: 5.255117E-5
15:20:05 TRACE [librism::solvers::adiis] Iteration: 480 Convergence RMSE: 5.021150E-5
15:20:05 TRACE [librism::solvers::adiis] Iteration: 481 Convergence RMSE: 4.818276E-5
15:20:05 TRACE [librism::solvers::adiis] Iteration: 482 Convergence RMSE: 4.763672E-5
15:20:05 TRACE [librism::solvers::adiis] Iteration: 483 Convergence RMSE: 4.664523E-5
15:20:05 TRACE [librism::solvers::adiis] Iteration: 484 Convergence RMSE: 4.584305E-5
15:20:06 TRACE [librism::solvers::adiis] Iteration: 485 Convergence RMSE: 4.502812E-5
15:20:06 TRACE [librism::solvers::adiis] Iteration: 486 Convergence RMSE: 4.456774E-5
15:20:06 TRACE [librism::solvers::adiis] Iteration: 487 Convergence RMSE: 4.429589E-5
15:20:06 TRACE [librism::solvers::adiis] Iteration: 488 Convergence RMSE: 4.391987E-5
15:20:06 TRACE [librism::solvers::adiis] Iteration: 489 Convergence RMSE: 4.317611E-5
15:20:06 TRACE [librism::solvers::adiis] Iteration: 490 Convergence RMSE: 4.195354E-5
15:20:06 TRACE [librism::solvers::adiis] Iteration: 491 Convergence RMSE: 4.085662E-5
15:20:06 TRACE [librism::solvers::adiis] Iteration: 492 Convergence RMSE: 4.014929E-5
15:20:07 TRACE [librism::solvers::adiis] Iteration: 493 Convergence RMSE: 3.896330E-5
15:20:07 TRACE [librism::solvers::adiis] Iteration: 494 Convergence RMSE: 3.827311E-5
15:20:07 TRACE [librism::solvers::adiis] Iteration: 495 Convergence RMSE: 3.779415E-5
15:20:07 TRACE [librism::solvers::adiis] Iteration: 496 Convergence RMSE: 3.775855E-5
15:20:07 TRACE [librism::solvers::adiis] Iteration: 497 Convergence RMSE: 3.763971E-5
15:20:07 TRACE [librism::solvers::adiis] Iteration: 498 Convergence RMSE: 3.664113E-5
15:20:07 TRACE [librism::solvers::adiis] Iteration: 499 Convergence RMSE: 3.627265E-5
15:20:07 TRACE [librism::solvers::adiis] Iteration: 500 Convergence RMSE: 3.589325E-5
15:20:07 TRACE [librism::solvers::adiis] Iteration: 501 Convergence RMSE: 3.503011E-5
15:20:08 TRACE [librism::solvers::adiis] Iteration: 502 Convergence RMSE: 3.417176E-5
15:20:08 TRACE [librism::solvers::adiis] Iteration: 503 Convergence RMSE: 3.301043E-5
15:20:08 TRACE [librism::solvers::adiis] Iteration: 504 Convergence RMSE: 3.029422E-5
15:20:08 TRACE [librism::solvers::adiis] Iteration: 505 Convergence RMSE: 2.810198E-5
15:20:08 TRACE [librism::solvers::adiis] Iteration: 506 Convergence RMSE: 2.680569E-5
15:20:08 TRACE [librism::solvers::adiis] Iteration: 507 Convergence RMSE: 2.536483E-5
15:20:08 TRACE [librism::solvers::adiis] Iteration: 508 Convergence RMSE: 2.467773E-5
15:20:08 TRACE [librism::solvers::adiis] Iteration: 509 Convergence RMSE: 2.404599E-5
15:20:09 TRACE [librism::solvers::adiis] Iteration: 510 Convergence RMSE: 2.312919E-5
15:20:09 TRACE [librism::solvers::adiis] Iteration: 511 Convergence RMSE: 2.100383E-5
15:20:09 TRACE [librism::solvers::adiis] Iteration: 512 Convergence RMSE: 1.984000E-5
15:20:09 TRACE [librism::solvers::adiis] Iteration: 513 Convergence RMSE: 1.911535E-5
15:20:09 TRACE [librism::solvers::adiis] Iteration: 514 Convergence RMSE: 1.784772E-5
15:20:09 TRACE [librism::solvers::adiis] Iteration: 515 Convergence RMSE: 1.677848E-5
15:20:09 TRACE [librism::solvers::adiis] Iteration: 516 Convergence RMSE: 1.644417E-5
15:20:09 TRACE [librism::solvers::adiis] Iteration: 517 Convergence RMSE: 1.583854E-5
15:20:10 TRACE [librism::solvers::adiis] Iteration: 518 Convergence RMSE: 1.531008E-5
15:20:10 TRACE [librism::solvers::adiis] Iteration: 519 Convergence RMSE: 1.513593E-5
15:20:10 TRACE [librism::solvers::adiis] Iteration: 520 Convergence RMSE: 1.482911E-5
15:20:10 TRACE [librism::solvers::adiis] Iteration: 521 Convergence RMSE: 1.458275E-5
15:20:10 TRACE [librism::solvers::adiis] Iteration: 522 Convergence RMSE: 1.396054E-5
15:20:10 TRACE [librism::solvers::adiis] Iteration: 523 Convergence RMSE: 1.362187E-5
15:20:10 TRACE [librism::solvers::adiis] Iteration: 524 Convergence RMSE: 1.345286E-5
15:20:10 TRACE [librism::solvers::adiis] Iteration: 525 Convergence RMSE: 1.322904E-5
15:20:10 TRACE [librism::solvers::adiis] Iteration: 526 Convergence RMSE: 1.293808E-5
15:20:11 TRACE [librism::solvers::adiis] Iteration: 527 Convergence RMSE: 1.235756E-5
15:20:11 TRACE [librism::solvers::adiis] Iteration: 528 Convergence RMSE: 1.122027E-5
15:20:11 TRACE [librism::solvers::adiis] Iteration: 529 Convergence RMSE: 1.053069E-5
15:20:11 TRACE [librism::solvers::adiis] Iteration: 530 Convergence RMSE: 1.036299E-5
15:20:11 TRACE [librism::solvers::adiis] Iteration: 531 Convergence RMSE: 1.028557E-5
15:20:11 TRACE [librism::solvers::adiis] Iteration: 532 Convergence RMSE: 1.025926E-5
15:20:11 TRACE [librism::solvers::adiis] Iteration: 533 Convergence RMSE: 1.022773E-5
15:20:11 TRACE [librism::solvers::adiis] Iteration: 534 Convergence RMSE: 1.020215E-5
15:20:11 TRACE [librism::solvers::adiis] Iteration: 535 Convergence RMSE: 1.007120E-5
15:20:12 TRACE [librism::solvers::adiis] Iteration: 536 Convergence RMSE: 1.003668E-5
15:20:12 TRACE [librism::solvers::adiis] Iteration: 537 Convergence RMSE: 1.000432E-5
15:20:12 TRACE [librism::solvers::adiis] Iteration: 538 Convergence RMSE: 9.987625E-6
15:20:12 TRACE [librism::solvers::adiis] Iteration: 539 Convergence RMSE: 9.937053E-6
15:20:12 TRACE [librism::solvers::adiis] Iteration: 540 Convergence RMSE: 9.935654E-6
15:20:12 TRACE [librism::solvers::adiis] Iteration: 541 Convergence RMSE: 9.938086E-6
15:20:12 TRACE [librism::solvers::adiis] Iteration: 542 Convergence RMSE: 9.939354E-6
15:20:12 TRACE [librism::solvers::adiis] Iteration: 543 Convergence RMSE: 9.929654E-6
15:20:12 TRACE [librism::solvers::adiis] Iteration: 544 Convergence RMSE: 9.922636E-6
15:20:13 TRACE [librism::solvers::adiis] Iteration: 545 Convergence RMSE: 9.928090E-6
15:20:13 TRACE [librism::solvers::adiis] Iteration: 546 Convergence RMSE: 9.918455E-6
15:20:13 TRACE [librism::solvers::adiis] Iteration: 547 Convergence RMSE: 9.912122E-6
15:20:13 TRACE [librism::solvers::adiis] Iteration: 548 Convergence RMSE: 9.849277E-6
15:20:13 TRACE [librism::solvers::adiis] Iteration: 549 Convergence RMSE: 9.843500E-6
15:20:13 TRACE [librism::solvers::adiis] Iteration: 550 Convergence RMSE: 9.850100E-6
15:20:13 TRACE [librism::solvers::adiis] Iteration: 551 Convergence RMSE: 9.849131E-6
15:20:13 TRACE [librism::solvers::adiis] Iteration: 552 Convergence RMSE: 9.851857E-6
15:20:13 TRACE [librism::solvers::adiis] Iteration: 553 Convergence RMSE: 9.866176E-6
15:20:13 TRACE [librism::solvers::adiis] Iteration: 554 Convergence RMSE: 9.855048E-6
15:20:14 TRACE [librism::solvers::adiis] Iteration: 555 Convergence RMSE: 9.849632E-6
15:20:14 TRACE [librism::solvers::adiis] Iteration: 556 Convergence RMSE: 9.844310E-6
15:20:14 TRACE [librism::solvers::adiis] Iteration: 557 Convergence RMSE: 9.846873E-6
15:20:14 TRACE [librism::solvers::adiis] Iteration: 558 Convergence RMSE: 9.858796E-6
15:20:14 TRACE [librism::solvers::adiis] Iteration: 559 Convergence RMSE: 9.848914E-6
15:20:14 TRACE [librism::solvers::adiis] Iteration: 560 Convergence RMSE: 9.839187E-6
15:20:14 TRACE [librism::solvers::adiis] Iteration: 561 Convergence RMSE: 9.824107E-6
15:20:14 TRACE [librism::solvers::adiis] Iteration: 562 Convergence RMSE: 9.827274E-6
15:20:14 TRACE [librism::solvers::adiis] Iteration: 563 Convergence RMSE: 9.822380E-6
15:20:15 TRACE [librism::solvers::adiis] Iteration: 564 Convergence RMSE: 9.800188E-6
15:20:15 TRACE [librism::solvers::adiis] Iteration: 565 Convergence RMSE: 9.811364E-6
15:20:15 TRACE [librism::solvers::adiis] Iteration: 566 Convergence RMSE: 9.805126E-6
15:20:15 TRACE [librism::solvers::adiis] Iteration: 567 Convergence RMSE: 9.802615E-6
15:20:15 TRACE [librism::solvers::adiis] Iteration: 568 Convergence RMSE: 9.797148E-6
15:20:15 TRACE [librism::solvers::adiis] Iteration: 569 Convergence RMSE: 9.773364E-6
15:20:15 TRACE [librism::solvers::adiis] Iteration: 570 Convergence RMSE: 9.779409E-6
15:20:15 TRACE [librism::solvers::adiis] Iteration: 571 Convergence RMSE: 9.761201E-6
15:20:15 TRACE [librism::solvers::adiis] Iteration: 572 Convergence RMSE: 9.737531E-6
15:20:16 TRACE [librism::solvers::adiis] Iteration: 573 Convergence RMSE: 9.729796E-6
15:20:16 TRACE [librism::solvers::adiis] Iteration: 574 Convergence RMSE: 9.735677E-6
15:20:16 TRACE [librism::solvers::adiis] Iteration: 575 Convergence RMSE: 9.710561E-6
15:20:16 TRACE [librism::solvers::adiis] Iteration: 576 Convergence RMSE: 9.659081E-6
15:20:16 TRACE [librism::solvers::adiis] Iteration: 577 Convergence RMSE: 9.571945E-6
15:20:16 TRACE [librism::solvers::adiis] Iteration: 578 Convergence RMSE: 9.512984E-6
15:20:16 TRACE [librism::solvers::adiis] Iteration: 579 Convergence RMSE: 9.481933E-6
15:20:16 TRACE [librism::solvers::adiis] Iteration: 580 Convergence RMSE: 9.481009E-6
15:20:16 TRACE [librism::solvers::adiis] Iteration: 581 Convergence RMSE: 9.460992E-6
15:20:16 TRACE [librism::solvers::adiis] Iteration: 582 Convergence RMSE: 9.463445E-6
15:20:17 TRACE [librism::solvers::adiis] Iteration: 583 Convergence RMSE: 9.459490E-6
15:20:17 TRACE [librism::solvers::adiis] Iteration: 584 Convergence RMSE: 9.462266E-6
15:20:17 TRACE [librism::solvers::adiis] Iteration: 585 Convergence RMSE: 9.450440E-6
15:20:17 TRACE [librism::solvers::adiis] Iteration: 586 Convergence RMSE: 9.458677E-6
15:20:17 TRACE [librism::solvers::adiis] Iteration: 587 Convergence RMSE: 9.448166E-6
15:20:17 TRACE [librism::solvers::adiis] Iteration: 588 Convergence RMSE: 9.447527E-6
15:20:17 TRACE [librism::solvers::adiis] Iteration: 589 Convergence RMSE: 9.451249E-6
15:20:17 TRACE [librism::solvers::adiis] Iteration: 590 Convergence RMSE: 9.450170E-6
15:20:17 TRACE [librism::solvers::adiis] Iteration: 591 Convergence RMSE: 9.448825E-6
15:20:17 TRACE [librism::solvers::adiis] Iteration: 592 Convergence RMSE: 9.456986E-6
15:20:18 TRACE [librism::solvers::adiis] Iteration: 593 Convergence RMSE: 9.446141E-6
15:20:18 TRACE [librism::solvers::adiis] Iteration: 594 Convergence RMSE: 9.458137E-6
15:20:18 TRACE [librism::solvers::adiis] Iteration: 595 Convergence RMSE: 9.416924E-6
15:20:18 TRACE [librism::solvers::adiis] Iteration: 596 Convergence RMSE: 9.377749E-6
15:20:18 TRACE [librism::solvers::adiis] Iteration: 597 Convergence RMSE: 9.366690E-6
15:20:18 TRACE [librism::solvers::adiis] Iteration: 598 Convergence RMSE: 9.374116E-6
15:20:18 TRACE [librism::solvers::adiis] Iteration: 599 Convergence RMSE: 9.339276E-6
15:20:18 TRACE [librism::solvers::adiis] Iteration: 600 Convergence RMSE: 9.354002E-6
15:20:18 TRACE [librism::solvers::adiis] Iteration: 601 Convergence RMSE: 9.341164E-6
15:20:18 TRACE [librism::solvers::adiis] Iteration: 602 Convergence RMSE: 9.346996E-6
15:20:19 TRACE [librism::solvers::adiis] Iteration: 603 Convergence RMSE: 9.342443E-6
15:20:19 TRACE [librism::solvers::adiis] Iteration: 604 Convergence RMSE: 9.342134E-6
15:20:19 TRACE [librism::solvers::adiis] Iteration: 605 Convergence RMSE: 9.342132E-6
15:20:19 TRACE [librism::solvers::adiis] Iteration: 606 Convergence RMSE: 9.343813E-6
15:20:19 TRACE [librism::solvers::adiis] Iteration: 607 Convergence RMSE: 9.283795E-6
15:20:19 TRACE [librism::solvers::adiis] Iteration: 608 Convergence RMSE: 9.222683E-6
15:20:19 TRACE [librism::solvers::adiis] Iteration: 609 Convergence RMSE: 9.193442E-6
15:20:19 TRACE [librism::solvers::adiis] Iteration: 610 Convergence RMSE: 9.131930E-6
15:20:20 TRACE [librism::solvers::adiis] Iteration: 611 Convergence RMSE: 9.114095E-6
15:20:20 TRACE [librism::solvers::adiis] Iteration: 612 Convergence RMSE: 9.111728E-6
15:20:20 TRACE [librism::solvers::adiis] Iteration: 613 Convergence RMSE: 9.111663E-6
15:20:20 TRACE [librism::solvers::adiis] Iteration: 614 Convergence RMSE: 9.110914E-6
15:20:20 TRACE [librism::solvers::adiis] Iteration: 615 Convergence RMSE: 9.101299E-6
15:20:20 TRACE [librism::solvers::adiis] Iteration: 616 Convergence RMSE: 8.888816E-6
15:20:20 TRACE [librism::solvers::adiis] Iteration: 617 Convergence RMSE: 8.721992E-6
15:20:20 TRACE [librism::solvers::adiis] Iteration: 618 Convergence RMSE: 8.694551E-6
15:20:21 TRACE [librism::solvers::adiis] Iteration: 619 Convergence RMSE: 8.693211E-6
15:20:21 TRACE [librism::solvers::adiis] Iteration: 620 Convergence RMSE: 8.696128E-6
15:20:21 TRACE [librism::solvers::adiis] Iteration: 621 Convergence RMSE: 8.692802E-6
15:20:21 TRACE [librism::solvers::adiis] Iteration: 622 Convergence RMSE: 8.666989E-6
15:20:21 TRACE [librism::solvers::adiis] Iteration: 623 Convergence RMSE: 8.633436E-6
15:20:21 TRACE [librism::solvers::adiis] Iteration: 624 Convergence RMSE: 8.630657E-6
15:20:21 TRACE [librism::solvers::adiis] Iteration: 625 Convergence RMSE: 8.618503E-6
15:20:21 TRACE [librism::solvers::adiis] Iteration: 626 Convergence RMSE: 8.618266E-6
15:20:22 TRACE [librism::solvers::adiis] Iteration: 627 Convergence RMSE: 8.616667E-6
15:20:22 TRACE [librism::solvers::adiis] Iteration: 628 Convergence RMSE: 8.617726E-6
15:20:22 TRACE [librism::solvers::adiis] Iteration: 629 Convergence RMSE: 8.546613E-6
15:20:22 TRACE [librism::solvers::adiis] Iteration: 630 Convergence RMSE: 8.496488E-6
15:20:22 TRACE [librism::solvers::adiis] Iteration: 631 Convergence RMSE: 8.440362E-6
15:20:22 TRACE [librism::solvers::adiis] Iteration: 632 Convergence RMSE: 8.454696E-6
15:20:22 TRACE [librism::solvers::adiis] Iteration: 633 Convergence RMSE: 8.418626E-6
15:20:22 TRACE [librism::solvers::adiis] Iteration: 634 Convergence RMSE: 8.424142E-6
15:20:22 TRACE [librism::solvers::adiis] Iteration: 635 Convergence RMSE: 8.426859E-6
15:20:23 TRACE [librism::solvers::adiis] Iteration: 636 Convergence RMSE: 8.423938E-6
15:20:23 TRACE [librism::solvers::adiis] Iteration: 637 Convergence RMSE: 8.405523E-6
15:20:23 TRACE [librism::solvers::adiis] Iteration: 638 Convergence RMSE: 8.397345E-6
15:20:23 TRACE [librism::solvers::adiis] Iteration: 639 Convergence RMSE: 8.384618E-6
15:20:23 TRACE [librism::solvers::adiis] Iteration: 640 Convergence RMSE: 8.385276E-6
15:20:23 TRACE [librism::solvers::adiis] Iteration: 641 Convergence RMSE: 8.392664E-6
15:20:23 TRACE [librism::solvers::adiis] Iteration: 642 Convergence RMSE: 8.357081E-6
15:20:23 TRACE [librism::solvers::adiis] Iteration: 643 Convergence RMSE: 8.350971E-6
15:20:23 TRACE [librism::solvers::adiis] Iteration: 644 Convergence RMSE: 8.364197E-6
15:20:24 TRACE [librism::solvers::adiis] Iteration: 645 Convergence RMSE: 8.346561E-6
15:20:24 TRACE [librism::solvers::adiis] Iteration: 646 Convergence RMSE: 8.369225E-6
15:20:24 TRACE [librism::solvers::adiis] Iteration: 647 Convergence RMSE: 8.360328E-6
15:20:24 TRACE [librism::solvers::adiis] Iteration: 648 Convergence RMSE: 8.365581E-6
15:20:24 TRACE [librism::solvers::adiis] Iteration: 649 Convergence RMSE: 8.349183E-6
15:20:24 TRACE [librism::solvers::adiis] Iteration: 650 Convergence RMSE: 8.344953E-6
15:20:24 TRACE [librism::solvers::adiis] Iteration: 651 Convergence RMSE: 8.339977E-6
15:20:24 TRACE [librism::solvers::adiis] Iteration: 652 Convergence RMSE: 8.301227E-6
15:20:24 TRACE [librism::solvers::adiis] Iteration: 653 Convergence RMSE: 8.294130E-6
15:20:25 TRACE [librism::solvers::adiis] Iteration: 654 Convergence RMSE: 8.299261E-6
15:20:25 TRACE [librism::solvers::adiis] Iteration: 655 Convergence RMSE: 8.287618E-6
15:20:25 TRACE [librism::solvers::adiis] Iteration: 656 Convergence RMSE: 8.280282E-6
15:20:25 TRACE [librism::solvers::adiis] Iteration: 657 Convergence RMSE: 8.282399E-6
15:20:25 TRACE [librism::solvers::adiis] Iteration: 658 Convergence RMSE: 8.284173E-6
15:20:25 TRACE [librism::solvers::adiis] Iteration: 659 Convergence RMSE: 8.282265E-6
15:20:25 TRACE [librism::solvers::adiis] Iteration: 660 Convergence RMSE: 8.279114E-6
15:20:25 TRACE [librism::solvers::adiis] Iteration: 661 Convergence RMSE: 8.280308E-6
15:20:25 TRACE [librism::solvers::adiis] Iteration: 662 Convergence RMSE: 8.280159E-6
15:20:26 TRACE [librism::solvers::adiis] Iteration: 663 Convergence RMSE: 8.250988E-6
15:20:26 TRACE [librism::solvers::adiis] Iteration: 664 Convergence RMSE: 8.227151E-6
15:20:26 TRACE [librism::solvers::adiis] Iteration: 665 Convergence RMSE: 8.228844E-6
15:20:26 TRACE [librism::solvers::adiis] Iteration: 666 Convergence RMSE: 8.222525E-6
15:20:26 TRACE [librism::solvers::adiis] Iteration: 667 Convergence RMSE: 8.186665E-6
15:20:26 TRACE [librism::solvers::adiis] Iteration: 668 Convergence RMSE: 8.114531E-6
15:20:26 TRACE [librism::solvers::adiis] Iteration: 669 Convergence RMSE: 8.056326E-6
15:20:26 TRACE [librism::solvers::adiis] Iteration: 670 Convergence RMSE: 8.055217E-6
15:20:26 TRACE [librism::solvers::adiis] Iteration: 671 Convergence RMSE: 8.054414E-6
15:20:26 TRACE [librism::solvers::adiis] Iteration: 672 Convergence RMSE: 8.054226E-6
15:20:27 TRACE [librism::solvers::adiis] Iteration: 673 Convergence RMSE: 8.055409E-6
15:20:27 TRACE [librism::solvers::adiis] Iteration: 674 Convergence RMSE: 8.051321E-6
15:20:27 TRACE [librism::solvers::adiis] Iteration: 675 Convergence RMSE: 8.052536E-6
15:20:27 TRACE [librism::solvers::adiis] Iteration: 676 Convergence RMSE: 8.049995E-6
15:20:27 TRACE [librism::solvers::adiis] Iteration: 677 Convergence RMSE: 8.045624E-6
15:20:27 TRACE [librism::solvers::adiis] Iteration: 678 Convergence RMSE: 8.033977E-6
15:20:27 TRACE [librism::solvers::adiis] Iteration: 679 Convergence RMSE: 8.028588E-6
15:20:27 TRACE [librism::solvers::adiis] Iteration: 680 Convergence RMSE: 8.025380E-6
15:20:27 TRACE [librism::solvers::adiis] Iteration: 681 Convergence RMSE: 8.004605E-6
15:20:27 TRACE [librism::solvers::adiis] Iteration: 682 Convergence RMSE: 7.959759E-6
15:20:28 TRACE [librism::solvers::adiis] Iteration: 683 Convergence RMSE: 7.899346E-6
15:20:28 TRACE [librism::solvers::adiis] Iteration: 684 Convergence RMSE: 7.809275E-6
15:20:28 TRACE [librism::solvers::adiis] Iteration: 685 Convergence RMSE: 7.675974E-6
15:20:28 TRACE [librism::solvers::adiis] Iteration: 686 Convergence RMSE: 7.499061E-6
15:20:28 TRACE [librism::solvers::adiis] Iteration: 687 Convergence RMSE: 7.346556E-6
15:20:28 TRACE [librism::solvers::adiis] Iteration: 688 Convergence RMSE: 7.213862E-6
15:20:28 TRACE [librism::solvers::adiis] Iteration: 689 Convergence RMSE: 7.079182E-6
15:20:28 TRACE [librism::solvers::adiis] Iteration: 690 Convergence RMSE: 6.818672E-6
15:20:29 TRACE [librism::solvers::adiis] Iteration: 691 Convergence RMSE: 6.585870E-6
15:20:29 TRACE [librism::solvers::adiis] Iteration: 692 Convergence RMSE: 6.328268E-6
15:20:29 TRACE [librism::solvers::adiis] Iteration: 693 Convergence RMSE: 6.152424E-6
15:20:29 TRACE [librism::solvers::adiis] Iteration: 694 Convergence RMSE: 6.016061E-6
15:20:29 TRACE [librism::solvers::adiis] Iteration: 695 Convergence RMSE: 4.938521E-6
15:20:29 TRACE [librism::solvers::adiis] Iteration: 696 Convergence RMSE: 4.776587E-6
15:20:29 TRACE [librism::solvers::adiis] Iteration: 697 Convergence RMSE: 4.337069E-6
15:20:29 TRACE [librism::solvers::adiis] Iteration: 698 Convergence RMSE: 4.091239E-6
15:20:30 TRACE [librism::solvers::adiis] Iteration: 699 Convergence RMSE: 3.959503E-6
15:20:30 TRACE [librism::solvers::adiis] Iteration: 700 Convergence RMSE: 3.853687E-6
15:20:30 TRACE [librism::solvers::adiis] Iteration: 701 Convergence RMSE: 3.667709E-6
15:20:30 TRACE [librism::solvers::adiis] Iteration: 702 Convergence RMSE: 3.583612E-6
15:20:30 TRACE [librism::solvers::adiis] Iteration: 703 Convergence RMSE: 3.520030E-6
15:20:30 TRACE [librism::solvers::adiis] Iteration: 704 Convergence RMSE: 3.444250E-6
15:20:30 TRACE [librism::solvers::adiis] Iteration: 705 Convergence RMSE: 3.377041E-6
15:20:30 TRACE [librism::solvers::adiis] Iteration: 706 Convergence RMSE: 3.280940E-6
15:20:30 TRACE [librism::solvers::adiis] Iteration: 707 Convergence RMSE: 3.274238E-6
15:20:30 TRACE [librism::solvers::adiis] Iteration: 708 Convergence RMSE: 3.219167E-6
15:20:31 TRACE [librism::solvers::adiis] Iteration: 709 Convergence RMSE: 3.216092E-6
15:20:31 TRACE [librism::solvers::adiis] Iteration: 710 Convergence RMSE: 3.212992E-6
15:20:31 TRACE [librism::solvers::adiis] Iteration: 711 Convergence RMSE: 3.195458E-6
15:20:31 TRACE [librism::solvers::adiis] Iteration: 712 Convergence RMSE: 3.082821E-6
15:20:31 TRACE [librism::solvers::adiis] Iteration: 713 Convergence RMSE: 3.000897E-6
15:20:31 TRACE [librism::solvers::adiis] Iteration: 714 Convergence RMSE: 2.962797E-6
15:20:31 TRACE [librism::solvers::adiis] Iteration: 715 Convergence RMSE: 2.915632E-6
15:20:31 TRACE [librism::solvers::adiis] Iteration: 716 Convergence RMSE: 2.794819E-6
15:20:31 TRACE [librism::solvers::adiis] Iteration: 717 Convergence RMSE: 2.640923E-6
15:20:32 TRACE [librism::solvers::adiis] Iteration: 718 Convergence RMSE: 2.509387E-6
15:20:32 TRACE [librism::solvers::adiis] Iteration: 719 Convergence RMSE: 2.436326E-6
15:20:32 TRACE [librism::solvers::adiis] Iteration: 720 Convergence RMSE: 2.371425E-6
15:20:32 TRACE [librism::solvers::adiis] Iteration: 721 Convergence RMSE: 2.294039E-6
15:20:32 TRACE [librism::solvers::adiis] Iteration: 722 Convergence RMSE: 2.234150E-6
15:20:32 TRACE [librism::solvers::adiis] Iteration: 723 Convergence RMSE: 2.218571E-6
15:20:32 TRACE [librism::solvers::adiis] Iteration: 724 Convergence RMSE: 2.212786E-6
15:20:32 TRACE [librism::solvers::adiis] Iteration: 725 Convergence RMSE: 2.204708E-6
15:20:32 TRACE [librism::solvers::adiis] Iteration: 726 Convergence RMSE: 2.180246E-6
15:20:33 TRACE [librism::solvers::adiis] Iteration: 727 Convergence RMSE: 2.033775E-6
15:20:33 TRACE [librism::solvers::adiis] Iteration: 728 Convergence RMSE: 2.015237E-6
15:20:33 TRACE [librism::solvers::adiis] Iteration: 729 Convergence RMSE: 2.003394E-6
15:20:33 TRACE [librism::solvers::adiis] Iteration: 730 Convergence RMSE: 1.944068E-6
15:20:33 TRACE [librism::solvers::adiis] Iteration: 731 Convergence RMSE: 1.895698E-6
15:20:33 TRACE [librism::solvers::adiis] Iteration: 732 Convergence RMSE: 1.794703E-6
15:20:33 TRACE [librism::solvers::adiis] Iteration: 733 Convergence RMSE: 1.675158E-6
15:20:33 TRACE [librism::solvers::adiis] Iteration: 734 Convergence RMSE: 1.600468E-6
15:20:34 TRACE [librism::solvers::adiis] Iteration: 735 Convergence RMSE: 1.559629E-6
15:20:34 TRACE [librism::solvers::adiis] Iteration: 736 Convergence RMSE: 1.526984E-6
15:20:34 TRACE [librism::solvers::adiis] Iteration: 737 Convergence RMSE: 1.422709E-6
15:20:34 TRACE [librism::solvers::adiis] Iteration: 738 Convergence RMSE: 1.358034E-6
15:20:34 TRACE [librism::solvers::adiis] Iteration: 739 Convergence RMSE: 1.326155E-6
15:20:34 TRACE [librism::solvers::adiis] Iteration: 740 Convergence RMSE: 1.288207E-6
15:20:34 TRACE [librism::solvers::adiis] Iteration: 741 Convergence RMSE: 1.279829E-6
15:20:34 TRACE [librism::solvers::adiis] Iteration: 742 Convergence RMSE: 1.270867E-6
15:20:34 TRACE [librism::solvers::adiis] Iteration: 743 Convergence RMSE: 1.253032E-6
15:20:34 TRACE [librism::solvers::adiis] Iteration: 744 Convergence RMSE: 1.242263E-6
15:20:35 TRACE [librism::solvers::adiis] Iteration: 745 Convergence RMSE: 1.229735E-6
15:20:35 TRACE [librism::solvers::adiis] Iteration: 746 Convergence RMSE: 1.225571E-6
15:20:35 TRACE [librism::solvers::adiis] Iteration: 747 Convergence RMSE: 1.222389E-6
15:20:35 TRACE [librism::solvers::adiis] Iteration: 748 Convergence RMSE: 1.222065E-6
15:20:35 TRACE [librism::solvers::adiis] Iteration: 749 Convergence RMSE: 1.220092E-6
15:20:35 TRACE [librism::solvers::adiis] Iteration: 750 Convergence RMSE: 1.185371E-6
15:20:35 TRACE [librism::solvers::adiis] Iteration: 751 Convergence RMSE: 1.153834E-6
15:20:35 TRACE [librism::solvers::adiis] Iteration: 752 Convergence RMSE: 1.129385E-6
15:20:35 TRACE [librism::solvers::adiis] Iteration: 753 Convergence RMSE: 1.086477E-6
15:20:36 TRACE [librism::solvers::adiis] Iteration: 754 Convergence RMSE: 1.037465E-6
15:20:36 TRACE [librism::solvers::adiis] Iteration: 755 Convergence RMSE: 9.812314E-7
15:20:36 TRACE [librism::solvers::adiis] Iteration: 756 Convergence RMSE: 8.880308E-7
15:20:36 TRACE [librism::solvers::adiis] Iteration: 757 Convergence RMSE: 8.540368E-7
15:20:36 TRACE [librism::solvers::adiis] Iteration: 758 Convergence RMSE: 8.094880E-7
15:20:36 TRACE [librism::solvers::adiis] Iteration: 759 Convergence RMSE: 7.448116E-7
15:20:36 TRACE [librism::solvers::adiis] Iteration: 760 Convergence RMSE: 6.345006E-7
15:20:36 TRACE [librism::solvers::adiis] Iteration: 761 Convergence RMSE: 4.808706E-7
15:20:36 TRACE [librism::solvers::adiis] Iteration: 762 Convergence RMSE: 4.549224E-7
15:20:36 TRACE [librism::solvers::adiis] Iteration: 763 Convergence RMSE: 4.306382E-7
15:20:37 TRACE [librism::solvers::adiis] Iteration: 764 Convergence RMSE: 4.078611E-7
15:20:37 TRACE [librism::solvers::adiis] Iteration: 765 Convergence RMSE: 3.893574E-7
15:20:37 TRACE [librism::solvers::adiis] Iteration: 766 Convergence RMSE: 3.809292E-7
15:20:37 TRACE [librism::solvers::adiis] Iteration: 767 Convergence RMSE: 3.698653E-7
15:20:37 TRACE [librism::solvers::adiis] Iteration: 768 Convergence RMSE: 3.319041E-7
15:20:37 TRACE [librism::solvers::adiis] Iteration: 769 Convergence RMSE: 3.129133E-7
15:20:37 TRACE [librism::solvers::adiis] Iteration: 770 Convergence RMSE: 2.937225E-7
15:20:37 TRACE [librism::solvers::adiis] Iteration: 771 Convergence RMSE: 2.827369E-7
15:20:37 TRACE [librism::solvers::adiis] Iteration: 772 Convergence RMSE: 2.717277E-7
15:20:37 TRACE [librism::solvers::adiis] Iteration: 773 Convergence RMSE: 2.569391E-7
15:20:38 TRACE [librism::solvers::adiis] Iteration: 774 Convergence RMSE: 2.542480E-7
15:20:38 TRACE [librism::solvers::adiis] Iteration: 775 Convergence RMSE: 2.509497E-7
15:20:38 TRACE [librism::solvers::adiis] Iteration: 776 Convergence RMSE: 2.454871E-7
15:20:38 TRACE [librism::solvers::adiis] Iteration: 777 Convergence RMSE: 2.386691E-7
15:20:38 TRACE [librism::solvers::adiis] Iteration: 778 Convergence RMSE: 2.355233E-7
15:20:38 TRACE [librism::solvers::adiis] Iteration: 779 Convergence RMSE: 2.301590E-7
15:20:38 TRACE [librism::solvers::adiis] Iteration: 780 Convergence RMSE: 2.269222E-7
15:20:38 TRACE [librism::solvers::adiis] Iteration: 781 Convergence RMSE: 2.236411E-7
15:20:38 TRACE [librism::solvers::adiis] Iteration: 782 Convergence RMSE: 2.233724E-7
15:20:39 TRACE [librism::solvers::adiis] Iteration: 783 Convergence RMSE: 2.228758E-7
15:20:39 TRACE [librism::solvers::adiis] Iteration: 784 Convergence RMSE: 2.206662E-7
15:20:39 TRACE [librism::solvers::adiis] Iteration: 785 Convergence RMSE: 2.196894E-7
15:20:39 TRACE [librism::solvers::adiis] Iteration: 786 Convergence RMSE: 2.169787E-7
15:20:39 TRACE [librism::solvers::adiis] Iteration: 787 Convergence RMSE: 2.131947E-7
15:20:39 TRACE [librism::solvers::adiis] Iteration: 788 Convergence RMSE: 2.107579E-7
15:20:39 TRACE [librism::solvers::adiis] Iteration: 789 Convergence RMSE: 2.102121E-7
15:20:39 TRACE [librism::solvers::adiis] Iteration: 790 Convergence RMSE: 2.100128E-7
15:20:39 TRACE [librism::solvers::adiis] Iteration: 791 Convergence RMSE: 2.099356E-7
15:20:40 TRACE [librism::solvers::adiis] Iteration: 792 Convergence RMSE: 2.098891E-7
15:20:40 TRACE [librism::solvers::adiis] Iteration: 793 Convergence RMSE: 2.095216E-7
15:20:40 TRACE [librism::solvers::adiis] Iteration: 794 Convergence RMSE: 2.094786E-7
15:20:40 TRACE [librism::solvers::adiis] Iteration: 795 Convergence RMSE: 2.094022E-7
15:20:40 TRACE [librism::solvers::adiis] Iteration: 796 Convergence RMSE: 2.092900E-7
15:20:40 TRACE [librism::solvers::adiis] Iteration: 797 Convergence RMSE: 2.087584E-7
15:20:40 TRACE [librism::solvers::adiis] Iteration: 798 Convergence RMSE: 2.080151E-7
15:20:40 TRACE [librism::solvers::adiis] Iteration: 799 Convergence RMSE: 2.080082E-7
15:20:40 TRACE [librism::solvers::adiis] Iteration: 800 Convergence RMSE: 2.080380E-7
15:20:41 TRACE [librism::solvers::adiis] Iteration: 801 Convergence RMSE: 2.080082E-7
15:20:41 TRACE [librism::solvers::adiis] Iteration: 802 Convergence RMSE: 2.079970E-7
15:20:41 TRACE [librism::solvers::adiis] Iteration: 803 Convergence RMSE: 2.076997E-7
15:20:41 TRACE [librism::solvers::adiis] Iteration: 804 Convergence RMSE: 2.079012E-7
15:20:41 TRACE [librism::solvers::adiis] Iteration: 805 Convergence RMSE: 2.066400E-7
15:20:41 TRACE [librism::solvers::adiis] Iteration: 806 Convergence RMSE: 2.064831E-7
15:20:41 TRACE [librism::solvers::adiis] Iteration: 807 Convergence RMSE: 2.062781E-7
15:20:41 TRACE [librism::solvers::adiis] Iteration: 808 Convergence RMSE: 2.062665E-7
15:20:42 TRACE [librism::solvers::adiis] Iteration: 809 Convergence RMSE: 2.062073E-7
15:20:42 TRACE [librism::solvers::adiis] Iteration: 810 Convergence RMSE: 2.061850E-7
15:20:42 TRACE [librism::solvers::adiis] Iteration: 811 Convergence RMSE: 2.063688E-7
15:20:42 TRACE [librism::solvers::adiis] Iteration: 812 Convergence RMSE: 2.054821E-7
15:20:42 TRACE [librism::solvers::adiis] Iteration: 813 Convergence RMSE: 2.052654E-7
15:20:42 TRACE [librism::solvers::adiis] Iteration: 814 Convergence RMSE: 2.051708E-7
15:20:42 TRACE [librism::solvers::adiis] Iteration: 815 Convergence RMSE: 2.049815E-7
15:20:42 TRACE [librism::solvers::adiis] Iteration: 816 Convergence RMSE: 2.049631E-7
15:20:42 TRACE [librism::solvers::adiis] Iteration: 817 Convergence RMSE: 2.046191E-7
15:20:43 TRACE [librism::solvers::adiis] Iteration: 818 Convergence RMSE: 2.004933E-7
15:20:43 TRACE [librism::solvers::adiis] Iteration: 819 Convergence RMSE: 1.857892E-7
15:20:43 TRACE [librism::solvers::adiis] Iteration: 820 Convergence RMSE: 1.806306E-7
15:20:43 TRACE [librism::solvers::adiis] Iteration: 821 Convergence RMSE: 1.797424E-7
15:20:43 TRACE [librism::solvers::adiis] Iteration: 822 Convergence RMSE: 1.796832E-7
15:20:43 TRACE [librism::solvers::adiis] Iteration: 823 Convergence RMSE: 1.796437E-7
15:20:43 TRACE [librism::solvers::adiis] Iteration: 824 Convergence RMSE: 1.796441E-7
15:20:43 TRACE [librism::solvers::adiis] Iteration: 825 Convergence RMSE: 1.792879E-7
15:20:44 TRACE [librism::solvers::adiis] Iteration: 826 Convergence RMSE: 1.786768E-7
15:20:44 TRACE [librism::solvers::adiis] Iteration: 827 Convergence RMSE: 1.770072E-7
15:20:44 TRACE [librism::solvers::adiis] Iteration: 828 Convergence RMSE: 1.740393E-7
15:20:44 TRACE [librism::solvers::adiis] Iteration: 829 Convergence RMSE: 1.726818E-7
15:20:44 TRACE [librism::solvers::adiis] Iteration: 830 Convergence RMSE: 1.701943E-7
15:20:44 TRACE [librism::solvers::adiis] Iteration: 831 Convergence RMSE: 1.692371E-7
15:20:44 TRACE [librism::solvers::adiis] Iteration: 832 Convergence RMSE: 1.689230E-7
15:20:44 TRACE [librism::solvers::adiis] Iteration: 833 Convergence RMSE: 1.688561E-7
15:20:44 TRACE [librism::solvers::adiis] Iteration: 834 Convergence RMSE: 1.689576E-7
15:20:45 TRACE [librism::solvers::adiis] Iteration: 835 Convergence RMSE: 1.689658E-7
15:20:45 TRACE [librism::solvers::adiis] Iteration: 836 Convergence RMSE: 1.689050E-7
15:20:45 TRACE [librism::solvers::adiis] Iteration: 837 Convergence RMSE: 1.691998E-7
15:20:45 TRACE [librism::solvers::adiis] Iteration: 838 Convergence RMSE: 1.684632E-7
15:20:45 TRACE [librism::solvers::adiis] Iteration: 839 Convergence RMSE: 1.688103E-7
15:20:45 TRACE [librism::solvers::adiis] Iteration: 840 Convergence RMSE: 1.680216E-7
15:20:45 TRACE [librism::solvers::adiis] Iteration: 841 Convergence RMSE: 1.677607E-7
15:20:45 TRACE [librism::solvers::adiis] Iteration: 842 Convergence RMSE: 1.677707E-7
15:20:46 TRACE [librism::solvers::adiis] Iteration: 843 Convergence RMSE: 1.679653E-7
15:20:46 TRACE [librism::solvers::adiis] Iteration: 844 Convergence RMSE: 1.676277E-7
15:20:46 TRACE [librism::solvers::adiis] Iteration: 845 Convergence RMSE: 1.674123E-7
15:20:46 TRACE [librism::solvers::adiis] Iteration: 846 Convergence RMSE: 1.669085E-7
15:20:46 TRACE [librism::solvers::adiis] Iteration: 847 Convergence RMSE: 1.657440E-7
15:20:46 TRACE [librism::solvers::adiis] Iteration: 848 Convergence RMSE: 1.644619E-7
15:20:46 TRACE [librism::solvers::adiis] Iteration: 849 Convergence RMSE: 1.616004E-7
15:20:46 TRACE [librism::solvers::adiis] Iteration: 850 Convergence RMSE: 1.570651E-7
15:20:46 TRACE [librism::solvers::adiis] Iteration: 851 Convergence RMSE: 1.555040E-7
15:20:47 TRACE [librism::solvers::adiis] Iteration: 852 Convergence RMSE: 1.440921E-7
15:20:47 TRACE [librism::solvers::adiis] Iteration: 853 Convergence RMSE: 1.390410E-7
15:20:47 TRACE [librism::solvers::adiis] Iteration: 854 Convergence RMSE: 1.248548E-7
15:20:47 TRACE [librism::solvers::adiis] Iteration: 855 Convergence RMSE: 1.201162E-7
15:20:47 TRACE [librism::solvers::adiis] Iteration: 856 Convergence RMSE: 1.136396E-7
15:20:47 TRACE [librism::solvers::adiis] Iteration: 857 Convergence RMSE: 1.111022E-7
15:20:47 TRACE [librism::solvers::adiis] Iteration: 858 Convergence RMSE: 1.082500E-7
15:20:47 TRACE [librism::solvers::adiis] Iteration: 859 Convergence RMSE: 1.038166E-7
15:20:47 TRACE [librism::solvers::adiis] Iteration: 860 Convergence RMSE: 9.910809E-8
15:20:47 INFO  [librism::drivers::rism] Finished! Iteration: 860 RMSE: 9.910809E-8 Time Elapsed: 93.765513513 s
15:20:47 INFO  [librism::drivers::rism] Total Solute-Solvent Iterations: 860 Total Solver Time: 113.727960768 s
15:20:47 INFO  [librism::drivers::rism] Total Iterations: 1074 Total Job Time: 113.759226751 s
===================================================================================
SLURM job 10966025 ended:     Mon Mar 04 15:20:48 GMT 2024 (Unix Epoch time: 1709565648)
This is an estimated end time using the 'date' command from node node059.hpc.strath.ac.uk
For accurate timings, use 'sacct -j 10966025 -X --format=Submit,Start,End,Elapsed'
======================================================================================
