===================================================================================
SLURM Job ID:            10977717
Submit time:             Thu Mar 07 14:04:17 GMT 2024 (Unix Epoch time: 1709820257)
Start time:              Thu Mar 07 14:04:17 GMT 2024 (Unix Epoch time: 1709820257)
No. nodes:               1
No. tasks:               1
Job name:                solv_benchmarking_test
Account:                 palmer-mmms
QoS:                     normal
Partition (queue):       standard
Submit directory:        /users/tjb20156/pyRISM/data/paper_data/2prop
Script name:             /users/tjb20156/pyRISM/data/paper_data/2prop/submit.sh
Master node:             node044
Nodes used:              node044
Task distribution:       
===================================================================================


             ____  ___ ____  __  __ 
 _ __  _   _|  _ \|_ _/ ___||  \/  |
| '_ \| | | | |_) || |\___ \| |\/| |
| |_) | |_| |  _ < | | ___) | |  | |
| .__/ \__, |_| \_\___|____/|_|  |_|
|_|    |___/                        


+---------------+---------+
| System        |         |
+---------------+---------+
| Temperature   | 300 K   |
+---------------+---------+
| Num. Points   | 8192    |
+---------------+---------+
| Radius        | 40.96 Å |
+---------------+---------+
| Grid Spacing  | 0.005 Å |
+---------------+---------+
| Lambda Cycles | 2       |
+---------------+---------+
+-------------------+------------------+
| Operator          |                  |
+-------------------+------------------+
| Integral Equation | Extended RISM    |
+-------------------+------------------+
| Closure           | Kovalenko-Hirata |
+-------------------+------------------+
+------------+---------------+
| Potential  |               |
+------------+---------------+
| Non-Bonded | Lennard-Jones |
+------------+---------------+
| Coulombic  | Coulomb       |
+------------+---------------+
+----------------+-------+
| Solver         |       |
+----------------+-------+
| Method         | Ng    |
+----------------+-------+
| Max Iterations | 10000 |
+----------------+-------+
| Tolerance      | 1E-8  |
+----------------+-------+
| Picard Damping | 0.5   |
+----------------+-------+
14:04:18 TRACE [librism::drivers::rism] Defining solvent-solvent problem
14:04:18 TRACE [librism::drivers::rism] Checking for dipole moment
14:04:18 TRACE [librism::drivers::rism] Tabulating solvent-solvent potentials
14:04:18 TRACE [librism::drivers::rism] Tabulating solvent intramolecular correlation functions
14:04:18 TRACE [librism::drivers::rism] Defining solute-solvent problem
14:04:18 INFO  [librism::drivers::rism] Solute data found
14:04:18 WARN  [librism::drivers::rism] pyRISM only tested for infinite dilution; setting non-zero solute density may not work
14:04:18 TRACE [librism::drivers::rism] Tabulating solute-solvent potentials
14:04:18 TRACE [librism::drivers::rism] Tabulating solute intramolecular correlation functions
14:04:18 TRACE [librism::drivers::rism] Defining operator
14:04:18 INFO  [librism::drivers::rism] Starting solvent-solvent solver
14:04:18 INFO  [librism::drivers::rism] Lambda cycle: 1/2
14:04:18 INFO  [librism::solvers::ng] Solving RISM equation
14:04:18 TRACE [librism::solvers::ng] Iteration: 0 Convergence RMSE: 2.509656E-2
14:04:18 TRACE [librism::solvers::ng] Iteration: 1 Convergence RMSE: 1.807400E-2
14:04:18 TRACE [librism::solvers::ng] Iteration: 2 Convergence RMSE: 1.519253E-2
14:04:18 TRACE [librism::solvers::ng] Iteration: 3 Convergence RMSE: 5.041521E-2
14:04:18 TRACE [librism::solvers::ng] Iteration: 4 Convergence RMSE: 7.911829E-2
14:04:18 TRACE [librism::solvers::ng] Iteration: 5 Convergence RMSE: 2.774028E-2
14:04:18 TRACE [librism::solvers::ng] Iteration: 6 Convergence RMSE: 7.290753E-2
14:04:18 TRACE [librism::solvers::ng] Iteration: 7 Convergence RMSE: 1.067042E-1
14:04:18 TRACE [librism::solvers::ng] Iteration: 8 Convergence RMSE: 9.465390E-2
14:04:18 TRACE [librism::solvers::ng] Iteration: 9 Convergence RMSE: 1.516070E-2
14:04:18 TRACE [librism::solvers::ng] Iteration: 10 Convergence RMSE: 3.073746E-3
14:04:18 TRACE [librism::solvers::ng] Iteration: 11 Convergence RMSE: 1.838912E-2
14:04:18 TRACE [librism::solvers::ng] Iteration: 12 Convergence RMSE: 4.594398E-2
14:04:18 TRACE [librism::solvers::ng] Iteration: 13 Convergence RMSE: 6.279488E-3
14:04:19 TRACE [librism::solvers::ng] Iteration: 14 Convergence RMSE: 6.856240E-3
14:04:19 TRACE [librism::solvers::ng] Iteration: 15 Convergence RMSE: 1.502815E-2
14:04:19 TRACE [librism::solvers::ng] Iteration: 16 Convergence RMSE: 3.570197E-3
14:04:19 TRACE [librism::solvers::ng] Iteration: 17 Convergence RMSE: 6.591117E-3
14:04:19 TRACE [librism::solvers::ng] Iteration: 18 Convergence RMSE: 1.043644E-2
14:04:19 TRACE [librism::solvers::ng] Iteration: 19 Convergence RMSE: 7.330635E-3
14:04:19 TRACE [librism::solvers::ng] Iteration: 20 Convergence RMSE: 6.136126E-3
14:04:19 TRACE [librism::solvers::ng] Iteration: 21 Convergence RMSE: 9.111315E-4
14:04:19 TRACE [librism::solvers::ng] Iteration: 22 Convergence RMSE: 7.607511E-4
14:04:19 TRACE [librism::solvers::ng] Iteration: 23 Convergence RMSE: 1.338462E-4
14:04:19 TRACE [librism::solvers::ng] Iteration: 24 Convergence RMSE: 4.513781E-5
14:04:19 TRACE [librism::solvers::ng] Iteration: 25 Convergence RMSE: 2.213905E-4
14:04:19 TRACE [librism::solvers::ng] Iteration: 26 Convergence RMSE: 1.173518E-4
14:04:19 TRACE [librism::solvers::ng] Iteration: 27 Convergence RMSE: 4.334271E-5
14:04:19 TRACE [librism::solvers::ng] Iteration: 28 Convergence RMSE: 1.471942E-4
14:04:19 TRACE [librism::solvers::ng] Iteration: 29 Convergence RMSE: 5.313239E-5
14:04:19 TRACE [librism::solvers::ng] Iteration: 30 Convergence RMSE: 9.079160E-5
14:04:19 TRACE [librism::solvers::ng] Iteration: 31 Convergence RMSE: 6.247871E-5
14:04:19 TRACE [librism::solvers::ng] Iteration: 32 Convergence RMSE: 5.351206E-5
14:04:19 TRACE [librism::solvers::ng] Iteration: 33 Convergence RMSE: 6.558597E-6
14:04:19 TRACE [librism::solvers::ng] Iteration: 34 Convergence RMSE: 1.884063E-6
14:04:19 TRACE [librism::solvers::ng] Iteration: 35 Convergence RMSE: 2.771028E-6
14:04:19 TRACE [librism::solvers::ng] Iteration: 36 Convergence RMSE: 8.597902E-7
14:04:20 TRACE [librism::solvers::ng] Iteration: 37 Convergence RMSE: 2.970205E-6
14:04:20 TRACE [librism::solvers::ng] Iteration: 38 Convergence RMSE: 3.406415E-6
14:04:20 TRACE [librism::solvers::ng] Iteration: 39 Convergence RMSE: 3.786295E-6
14:04:20 TRACE [librism::solvers::ng] Iteration: 40 Convergence RMSE: 3.177880E-6
14:04:20 TRACE [librism::solvers::ng] Iteration: 41 Convergence RMSE: 1.327130E-6
14:04:20 TRACE [librism::solvers::ng] Iteration: 42 Convergence RMSE: 1.666800E-6
14:04:20 TRACE [librism::solvers::ng] Iteration: 43 Convergence RMSE: 3.117256E-7
14:04:20 TRACE [librism::solvers::ng] Iteration: 44 Convergence RMSE: 1.409470E-7
14:04:20 TRACE [librism::solvers::ng] Iteration: 45 Convergence RMSE: 1.118850E-7
14:04:20 TRACE [librism::solvers::ng] Iteration: 46 Convergence RMSE: 3.099037E-8
14:04:20 TRACE [librism::solvers::ng] Iteration: 47 Convergence RMSE: 1.157441E-7
14:04:20 TRACE [librism::solvers::ng] Iteration: 48 Convergence RMSE: 6.970112E-8
14:04:20 TRACE [librism::solvers::ng] Iteration: 49 Convergence RMSE: 4.501933E-8
14:04:20 TRACE [librism::solvers::ng] Iteration: 50 Convergence RMSE: 2.616914E-8
14:04:20 TRACE [librism::solvers::ng] Iteration: 51 Convergence RMSE: 1.684636E-8
14:04:20 TRACE [librism::solvers::ng] Iteration: 52 Convergence RMSE: 1.124097E-8
14:04:20 TRACE [librism::solvers::ng] Iteration: 53 Convergence RMSE: 5.186998E-10
14:04:20 INFO  [librism::drivers::rism] Finished! Iteration: 53 RMSE: 5.186998E-10 Time Elapsed: 2.353836573 s
14:04:20 INFO  [librism::drivers::rism] Lambda cycle: 2/2
14:04:20 INFO  [librism::solvers::ng] Solving RISM equation
14:04:20 TRACE [librism::solvers::ng] Iteration: 0 Convergence RMSE: 3.912536E-3
14:04:20 TRACE [librism::solvers::ng] Iteration: 1 Convergence RMSE: 5.543137E-3
14:04:20 TRACE [librism::solvers::ng] Iteration: 2 Convergence RMSE: 5.699404E-3
14:04:20 TRACE [librism::solvers::ng] Iteration: 3 Convergence RMSE: 1.396760E-2
14:04:20 TRACE [librism::solvers::ng] Iteration: 4 Convergence RMSE: 5.009985E-4
14:04:21 TRACE [librism::solvers::ng] Iteration: 5 Convergence RMSE: 4.953711E-4
14:04:21 TRACE [librism::solvers::ng] Iteration: 6 Convergence RMSE: 9.872544E-3
14:04:21 TRACE [librism::solvers::ng] Iteration: 7 Convergence RMSE: 2.108622E-2
14:04:21 TRACE [librism::solvers::ng] Iteration: 8 Convergence RMSE: 4.604973E-2
14:04:21 TRACE [librism::solvers::ng] Iteration: 9 Convergence RMSE: 2.681630E-2
14:04:21 TRACE [librism::solvers::ng] Iteration: 10 Convergence RMSE: 5.690562E-3
14:04:21 TRACE [librism::solvers::ng] Iteration: 11 Convergence RMSE: 1.174379E-2
14:04:21 TRACE [librism::solvers::ng] Iteration: 12 Convergence RMSE: 3.886438E-4
14:04:21 TRACE [librism::solvers::ng] Iteration: 13 Convergence RMSE: 2.623412E-2
14:04:21 TRACE [librism::solvers::ng] Iteration: 14 Convergence RMSE: 3.954242E-3
14:04:21 TRACE [librism::solvers::ng] Iteration: 15 Convergence RMSE: 7.459436E-3
14:04:21 TRACE [librism::solvers::ng] Iteration: 16 Convergence RMSE: 7.873862E-3
14:04:21 TRACE [librism::solvers::ng] Iteration: 17 Convergence RMSE: 9.243879E-3
14:04:21 TRACE [librism::solvers::ng] Iteration: 18 Convergence RMSE: 3.961973E-2
14:04:21 TRACE [librism::solvers::ng] Iteration: 19 Convergence RMSE: 4.276410E-3
14:04:21 TRACE [librism::solvers::ng] Iteration: 20 Convergence RMSE: 1.610729E-2
14:04:21 TRACE [librism::solvers::ng] Iteration: 21 Convergence RMSE: 5.250491E-3
14:04:21 TRACE [librism::solvers::ng] Iteration: 22 Convergence RMSE: 7.677876E-3
14:04:21 TRACE [librism::solvers::ng] Iteration: 23 Convergence RMSE: 1.405138E-2
14:04:21 TRACE [librism::solvers::ng] Iteration: 24 Convergence RMSE: 1.827498E-2
14:04:21 TRACE [librism::solvers::ng] Iteration: 25 Convergence RMSE: 2.892072E-4
14:04:21 TRACE [librism::solvers::ng] Iteration: 26 Convergence RMSE: 5.383593E-3
14:04:22 TRACE [librism::solvers::ng] Iteration: 27 Convergence RMSE: 1.966871E-2
14:04:22 TRACE [librism::solvers::ng] Iteration: 28 Convergence RMSE: 5.796500E-3
14:04:22 TRACE [librism::solvers::ng] Iteration: 29 Convergence RMSE: 1.184716E-2
14:04:22 TRACE [librism::solvers::ng] Iteration: 30 Convergence RMSE: 2.570926E-3
14:04:22 TRACE [librism::solvers::ng] Iteration: 31 Convergence RMSE: 3.894058E-3
14:04:22 TRACE [librism::solvers::ng] Iteration: 32 Convergence RMSE: 3.271505E-3
14:04:22 TRACE [librism::solvers::ng] Iteration: 33 Convergence RMSE: 3.487266E-3
14:04:22 TRACE [librism::solvers::ng] Iteration: 34 Convergence RMSE: 1.645603E-3
14:04:22 TRACE [librism::solvers::ng] Iteration: 35 Convergence RMSE: 2.500603E-3
14:04:22 TRACE [librism::solvers::ng] Iteration: 36 Convergence RMSE: 1.119158E-3
14:04:22 TRACE [librism::solvers::ng] Iteration: 37 Convergence RMSE: 3.202725E-4
14:04:22 TRACE [librism::solvers::ng] Iteration: 38 Convergence RMSE: 1.875652E-3
14:04:22 TRACE [librism::solvers::ng] Iteration: 39 Convergence RMSE: 4.199862E-4
14:04:22 TRACE [librism::solvers::ng] Iteration: 40 Convergence RMSE: 1.994489E-3
14:04:22 TRACE [librism::solvers::ng] Iteration: 41 Convergence RMSE: 1.051349E-3
14:04:22 TRACE [librism::solvers::ng] Iteration: 42 Convergence RMSE: 8.194962E-4
14:04:22 TRACE [librism::solvers::ng] Iteration: 43 Convergence RMSE: 5.996470E-4
14:04:22 TRACE [librism::solvers::ng] Iteration: 44 Convergence RMSE: 1.575334E-3
14:04:22 TRACE [librism::solvers::ng] Iteration: 45 Convergence RMSE: 3.310312E-4
14:04:22 TRACE [librism::solvers::ng] Iteration: 46 Convergence RMSE: 5.435750E-5
14:04:22 TRACE [librism::solvers::ng] Iteration: 47 Convergence RMSE: 6.827836E-4
14:04:23 TRACE [librism::solvers::ng] Iteration: 48 Convergence RMSE: 5.924120E-4
14:04:23 TRACE [librism::solvers::ng] Iteration: 49 Convergence RMSE: 1.012286E-3
14:04:23 TRACE [librism::solvers::ng] Iteration: 50 Convergence RMSE: 5.153595E-4
14:04:23 TRACE [librism::solvers::ng] Iteration: 51 Convergence RMSE: 4.760954E-4
14:04:23 TRACE [librism::solvers::ng] Iteration: 52 Convergence RMSE: 7.502800E-4
14:04:23 TRACE [librism::solvers::ng] Iteration: 53 Convergence RMSE: 4.447581E-4
14:04:23 TRACE [librism::solvers::ng] Iteration: 54 Convergence RMSE: 2.868653E-4
14:04:23 TRACE [librism::solvers::ng] Iteration: 55 Convergence RMSE: 7.526666E-4
14:04:23 TRACE [librism::solvers::ng] Iteration: 56 Convergence RMSE: 3.356859E-4
14:04:23 TRACE [librism::solvers::ng] Iteration: 57 Convergence RMSE: 2.479508E-4
14:04:23 TRACE [librism::solvers::ng] Iteration: 58 Convergence RMSE: 2.334953E-4
14:04:23 TRACE [librism::solvers::ng] Iteration: 59 Convergence RMSE: 1.806513E-4
14:04:23 TRACE [librism::solvers::ng] Iteration: 60 Convergence RMSE: 3.496941E-5
14:04:23 TRACE [librism::solvers::ng] Iteration: 61 Convergence RMSE: 3.180343E-5
14:04:23 TRACE [librism::solvers::ng] Iteration: 62 Convergence RMSE: 1.064396E-4
14:04:23 TRACE [librism::solvers::ng] Iteration: 63 Convergence RMSE: 1.872222E-4
14:04:23 TRACE [librism::solvers::ng] Iteration: 64 Convergence RMSE: 7.583849E-6
14:04:23 TRACE [librism::solvers::ng] Iteration: 65 Convergence RMSE: 4.707285E-5
14:04:23 TRACE [librism::solvers::ng] Iteration: 66 Convergence RMSE: 4.046583E-5
14:04:23 TRACE [librism::solvers::ng] Iteration: 67 Convergence RMSE: 1.000711E-4
14:04:23 TRACE [librism::solvers::ng] Iteration: 68 Convergence RMSE: 1.416025E-5
14:04:23 TRACE [librism::solvers::ng] Iteration: 69 Convergence RMSE: 1.419577E-4
14:04:24 TRACE [librism::solvers::ng] Iteration: 70 Convergence RMSE: 9.096573E-5
14:04:24 TRACE [librism::solvers::ng] Iteration: 71 Convergence RMSE: 3.971795E-5
14:04:24 TRACE [librism::solvers::ng] Iteration: 72 Convergence RMSE: 6.741222E-5
14:04:24 TRACE [librism::solvers::ng] Iteration: 73 Convergence RMSE: 1.335016E-6
14:04:24 TRACE [librism::solvers::ng] Iteration: 74 Convergence RMSE: 2.011049E-5
14:04:24 TRACE [librism::solvers::ng] Iteration: 75 Convergence RMSE: 5.887789E-6
14:04:24 TRACE [librism::solvers::ng] Iteration: 76 Convergence RMSE: 5.738039E-5
14:04:24 TRACE [librism::solvers::ng] Iteration: 77 Convergence RMSE: 4.345679E-5
14:04:24 TRACE [librism::solvers::ng] Iteration: 78 Convergence RMSE: 7.506588E-6
14:04:24 TRACE [librism::solvers::ng] Iteration: 79 Convergence RMSE: 2.345817E-5
14:04:24 TRACE [librism::solvers::ng] Iteration: 80 Convergence RMSE: 1.788733E-6
14:04:24 TRACE [librism::solvers::ng] Iteration: 81 Convergence RMSE: 6.903504E-6
14:04:24 TRACE [librism::solvers::ng] Iteration: 82 Convergence RMSE: 1.146738E-5
14:04:24 TRACE [librism::solvers::ng] Iteration: 83 Convergence RMSE: 1.314390E-5
14:04:24 TRACE [librism::solvers::ng] Iteration: 84 Convergence RMSE: 2.636265E-6
14:04:24 TRACE [librism::solvers::ng] Iteration: 85 Convergence RMSE: 1.997140E-6
14:04:24 TRACE [librism::solvers::ng] Iteration: 86 Convergence RMSE: 9.365998E-7
14:04:24 TRACE [librism::solvers::ng] Iteration: 87 Convergence RMSE: 1.399591E-6
14:04:24 TRACE [librism::solvers::ng] Iteration: 88 Convergence RMSE: 2.725498E-6
14:04:24 TRACE [librism::solvers::ng] Iteration: 89 Convergence RMSE: 4.973666E-6
14:04:24 TRACE [librism::solvers::ng] Iteration: 90 Convergence RMSE: 1.475632E-5
14:04:24 TRACE [librism::solvers::ng] Iteration: 91 Convergence RMSE: 6.398541E-6
14:04:25 TRACE [librism::solvers::ng] Iteration: 92 Convergence RMSE: 1.125592E-6
14:04:25 TRACE [librism::solvers::ng] Iteration: 93 Convergence RMSE: 1.492916E-6
14:04:25 TRACE [librism::solvers::ng] Iteration: 94 Convergence RMSE: 3.873201E-7
14:04:25 TRACE [librism::solvers::ng] Iteration: 95 Convergence RMSE: 2.157299E-6
14:04:25 TRACE [librism::solvers::ng] Iteration: 96 Convergence RMSE: 1.318286E-6
14:04:25 TRACE [librism::solvers::ng] Iteration: 97 Convergence RMSE: 4.374558E-7
14:04:25 TRACE [librism::solvers::ng] Iteration: 98 Convergence RMSE: 2.260639E-7
14:04:25 TRACE [librism::solvers::ng] Iteration: 99 Convergence RMSE: 1.443377E-7
14:04:25 TRACE [librism::solvers::ng] Iteration: 100 Convergence RMSE: 3.575140E-7
14:04:25 TRACE [librism::solvers::ng] Iteration: 101 Convergence RMSE: 2.210711E-7
14:04:25 TRACE [librism::solvers::ng] Iteration: 102 Convergence RMSE: 7.582305E-7
14:04:25 TRACE [librism::solvers::ng] Iteration: 103 Convergence RMSE: 6.843515E-7
14:04:25 TRACE [librism::solvers::ng] Iteration: 104 Convergence RMSE: 8.812202E-8
14:04:25 TRACE [librism::solvers::ng] Iteration: 105 Convergence RMSE: 1.343804E-7
14:04:25 TRACE [librism::solvers::ng] Iteration: 106 Convergence RMSE: 1.113314E-7
14:04:25 TRACE [librism::solvers::ng] Iteration: 107 Convergence RMSE: 3.521848E-8
14:04:25 TRACE [librism::solvers::ng] Iteration: 108 Convergence RMSE: 1.430974E-7
14:04:25 TRACE [librism::solvers::ng] Iteration: 109 Convergence RMSE: 1.572980E-7
14:04:25 TRACE [librism::solvers::ng] Iteration: 110 Convergence RMSE: 2.522034E-9
14:04:25 INFO  [librism::drivers::rism] Finished! Iteration: 110 RMSE: 2.522034E-9 Time Elapsed: 5.133099325 s
14:04:25 INFO  [librism::drivers::rism] Total Solvent-Solvent Iterations: 163 Total Solver Time: 7.641570464 s
14:04:25 INFO  [librism::drivers::rism] Starting solute-solvent solver
14:04:25 INFO  [librism::drivers::rism] Lambda cycle: 1/2
14:04:25 INFO  [librism::solvers::ng] Solving RISM equation
14:04:25 TRACE [librism::solvers::ng] Iteration: 0 Convergence RMSE: 3.238681E-2
14:04:26 TRACE [librism::solvers::ng] Iteration: 1 Convergence RMSE: 1.508223E-2
14:04:26 TRACE [librism::solvers::ng] Iteration: 2 Convergence RMSE: 9.477053E-3
thread 'main' panicked at src/solvers/ng.rs:99:22:
reshaping Ng step result to original 3D array: ShapeError/IncompatibleShape: incompatible shapes
note: run with `RUST_BACKTRACE=1` environment variable to display a backtrace
/tmp/slurmd/job10977717/slurm_script: line 49: 1613571 Aborted                 (core dumped) rism cSPCE.toml -l
===================================================================================
SLURM job 10977717 ended:     Thu Mar 07 14:04:26 GMT 2024 (Unix Epoch time: 1709820266)
This is an estimated end time using the 'date' command from node node044.hpc.strath.ac.uk
For accurate timings, use 'sacct -j 10977717 -X --format=Submit,Start,End,Elapsed'
======================================================================================
