===================================================================================
SLURM Job ID:            10984176
Submit time:             Thu Mar 07 16:04:47 GMT 2024 (Unix Epoch time: 1709827487)
Start time:              Thu Mar 07 16:10:55 GMT 2024 (Unix Epoch time: 1709827855)
No. nodes:               1
No. tasks:               1
Job name:                solv_benchmarking_test
Account:                 palmer-mmms
QoS:                     normal
Partition (queue):       standard
Submit directory:        /users/tjb20156/pyRISM/data/paper_data/2prop
Script name:             /users/tjb20156/pyRISM/data/paper_data/2prop/submit.sh
Master node:             node083
Nodes used:              node083
Task distribution:       
===================================================================================


             ____  ___ ____  __  __ 
 _ __  _   _|  _ \|_ _/ ___||  \/  |
| '_ \| | | | |_) || |\___ \| |\/| |
| |_) | |_| |  _ < | | ___) | |  | |
| .__/ \__, |_| \_\___|____/|_|  |_|
|_|    |___/                        


+---------------+---------+
| System        |         |
+---------------+---------+
| Temperature   | 300 K   |
+---------------+---------+
| Num. Points   | 8192    |
+---------------+---------+
| Radius        | 40.96 Å |
+---------------+---------+
| Grid Spacing  | 0.005 Å |
+---------------+---------+
| Lambda Cycles | 2       |
+---------------+---------+
+-------------------+------------------+
| Operator          |                  |
+-------------------+------------------+
| Integral Equation | Extended RISM    |
+-------------------+------------------+
| Closure           | Kovalenko-Hirata |
+-------------------+------------------+
+------------+---------------+
| Potential  |               |
+------------+---------------+
| Non-Bonded | Lennard-Jones |
+------------+---------------+
| Coulombic  | Coulomb       |
+------------+---------------+
+----------------+-------+
| Solver         |       |
+----------------+-------+
| Method         | Ng    |
+----------------+-------+
| Max Iterations | 10000 |
+----------------+-------+
| Tolerance      | 1E-8  |
+----------------+-------+
| Picard Damping | 0.5   |
+----------------+-------+
16:10:57 TRACE [librism::drivers::rism] Defining solvent-solvent problem
16:10:57 TRACE [librism::drivers::rism] Checking for dipole moment
16:10:57 TRACE [librism::drivers::rism] Tabulating solvent-solvent potentials
16:10:57 TRACE [librism::drivers::rism] Tabulating solvent intramolecular correlation functions
16:10:57 TRACE [librism::drivers::rism] Defining solute-solvent problem
16:10:57 INFO  [librism::drivers::rism] Solute data found
16:10:57 WARN  [librism::drivers::rism] pyRISM only tested for infinite dilution; setting non-zero solute density may not work
16:10:57 TRACE [librism::drivers::rism] Tabulating solute-solvent potentials
16:10:58 TRACE [librism::drivers::rism] Tabulating solute intramolecular correlation functions
16:10:58 TRACE [librism::drivers::rism] Defining operator
16:10:58 INFO  [librism::drivers::rism] Starting solvent-solvent solver
16:10:58 INFO  [librism::drivers::rism] Lambda cycle: 1/2
16:10:58 INFO  [librism::solvers::ng] Solving RISM equation
16:10:58 TRACE [librism::solvers::ng] Iteration: 0 Convergence RMSE: 2.509656E-2
16:10:58 TRACE [librism::solvers::ng] Iteration: 1 Convergence RMSE: 1.807400E-2
16:10:58 TRACE [librism::solvers::ng] Iteration: 2 Convergence RMSE: 1.519253E-2
16:10:58 TRACE [librism::solvers::ng] Iteration: 3 Convergence RMSE: 5.041521E-2
16:10:58 TRACE [librism::solvers::ng] Iteration: 4 Convergence RMSE: 7.911829E-2
16:10:58 TRACE [librism::solvers::ng] Iteration: 5 Convergence RMSE: 2.774028E-2
16:10:58 TRACE [librism::solvers::ng] Iteration: 6 Convergence RMSE: 7.290753E-2
16:10:58 TRACE [librism::solvers::ng] Iteration: 7 Convergence RMSE: 1.067042E-1
16:10:58 TRACE [librism::solvers::ng] Iteration: 8 Convergence RMSE: 9.465390E-2
16:10:58 TRACE [librism::solvers::ng] Iteration: 9 Convergence RMSE: 1.516070E-2
16:10:58 TRACE [librism::solvers::ng] Iteration: 10 Convergence RMSE: 3.073746E-3
16:10:58 TRACE [librism::solvers::ng] Iteration: 11 Convergence RMSE: 1.838912E-2
16:10:58 TRACE [librism::solvers::ng] Iteration: 12 Convergence RMSE: 4.594398E-2
16:10:58 TRACE [librism::solvers::ng] Iteration: 13 Convergence RMSE: 6.279488E-3
16:10:58 TRACE [librism::solvers::ng] Iteration: 14 Convergence RMSE: 6.856240E-3
16:10:58 TRACE [librism::solvers::ng] Iteration: 15 Convergence RMSE: 1.502815E-2
16:10:59 TRACE [librism::solvers::ng] Iteration: 16 Convergence RMSE: 3.570197E-3
16:10:59 TRACE [librism::solvers::ng] Iteration: 17 Convergence RMSE: 6.591117E-3
16:10:59 TRACE [librism::solvers::ng] Iteration: 18 Convergence RMSE: 1.043644E-2
16:10:59 TRACE [librism::solvers::ng] Iteration: 19 Convergence RMSE: 7.330635E-3
16:10:59 TRACE [librism::solvers::ng] Iteration: 20 Convergence RMSE: 6.136126E-3
16:10:59 TRACE [librism::solvers::ng] Iteration: 21 Convergence RMSE: 9.111315E-4
16:10:59 TRACE [librism::solvers::ng] Iteration: 22 Convergence RMSE: 7.607511E-4
16:10:59 TRACE [librism::solvers::ng] Iteration: 23 Convergence RMSE: 1.338462E-4
16:10:59 TRACE [librism::solvers::ng] Iteration: 24 Convergence RMSE: 4.513781E-5
16:10:59 TRACE [librism::solvers::ng] Iteration: 25 Convergence RMSE: 2.213905E-4
16:10:59 TRACE [librism::solvers::ng] Iteration: 26 Convergence RMSE: 1.173518E-4
16:10:59 TRACE [librism::solvers::ng] Iteration: 27 Convergence RMSE: 4.334271E-5
16:10:59 TRACE [librism::solvers::ng] Iteration: 28 Convergence RMSE: 1.471942E-4
16:10:59 TRACE [librism::solvers::ng] Iteration: 29 Convergence RMSE: 5.313239E-5
16:10:59 TRACE [librism::solvers::ng] Iteration: 30 Convergence RMSE: 9.079160E-5
16:10:59 TRACE [librism::solvers::ng] Iteration: 31 Convergence RMSE: 6.247871E-5
16:10:59 TRACE [librism::solvers::ng] Iteration: 32 Convergence RMSE: 5.351206E-5
16:10:59 TRACE [librism::solvers::ng] Iteration: 33 Convergence RMSE: 6.558597E-6
16:10:59 TRACE [librism::solvers::ng] Iteration: 34 Convergence RMSE: 1.884063E-6
16:10:59 TRACE [librism::solvers::ng] Iteration: 35 Convergence RMSE: 2.771028E-6
16:11:00 TRACE [librism::solvers::ng] Iteration: 36 Convergence RMSE: 8.597902E-7
16:11:00 TRACE [librism::solvers::ng] Iteration: 37 Convergence RMSE: 2.970205E-6
16:11:00 TRACE [librism::solvers::ng] Iteration: 38 Convergence RMSE: 3.406415E-6
16:11:00 TRACE [librism::solvers::ng] Iteration: 39 Convergence RMSE: 3.786295E-6
16:11:00 TRACE [librism::solvers::ng] Iteration: 40 Convergence RMSE: 3.177880E-6
16:11:00 TRACE [librism::solvers::ng] Iteration: 41 Convergence RMSE: 1.327130E-6
16:11:00 TRACE [librism::solvers::ng] Iteration: 42 Convergence RMSE: 1.666800E-6
16:11:00 TRACE [librism::solvers::ng] Iteration: 43 Convergence RMSE: 3.117256E-7
16:11:00 TRACE [librism::solvers::ng] Iteration: 44 Convergence RMSE: 1.409470E-7
16:11:00 TRACE [librism::solvers::ng] Iteration: 45 Convergence RMSE: 1.118850E-7
16:11:00 TRACE [librism::solvers::ng] Iteration: 46 Convergence RMSE: 3.099037E-8
16:11:00 TRACE [librism::solvers::ng] Iteration: 47 Convergence RMSE: 1.157441E-7
16:11:00 TRACE [librism::solvers::ng] Iteration: 48 Convergence RMSE: 6.970112E-8
16:11:00 TRACE [librism::solvers::ng] Iteration: 49 Convergence RMSE: 4.501933E-8
16:11:00 TRACE [librism::solvers::ng] Iteration: 50 Convergence RMSE: 2.616914E-8
16:11:00 TRACE [librism::solvers::ng] Iteration: 51 Convergence RMSE: 1.684636E-8
16:11:00 TRACE [librism::solvers::ng] Iteration: 52 Convergence RMSE: 1.124097E-8
16:11:00 TRACE [librism::solvers::ng] Iteration: 53 Convergence RMSE: 5.186998E-10
16:11:00 INFO  [librism::drivers::rism] Finished! Iteration: 53 RMSE: 5.186998E-10 Time Elapsed: 2.834970629 s
16:11:00 INFO  [librism::drivers::rism] Lambda cycle: 2/2
16:11:00 INFO  [librism::solvers::ng] Solving RISM equation
16:11:00 TRACE [librism::solvers::ng] Iteration: 0 Convergence RMSE: 3.912536E-3
16:11:00 TRACE [librism::solvers::ng] Iteration: 1 Convergence RMSE: 5.543137E-3
16:11:01 TRACE [librism::solvers::ng] Iteration: 2 Convergence RMSE: 5.699404E-3
16:11:01 TRACE [librism::solvers::ng] Iteration: 3 Convergence RMSE: 4.683297E-3
16:11:01 TRACE [librism::solvers::ng] Iteration: 4 Convergence RMSE: 2.108622E-2
16:11:01 TRACE [librism::solvers::ng] Iteration: 5 Convergence RMSE: 3.727495E-2
16:11:01 TRACE [librism::solvers::ng] Iteration: 6 Convergence RMSE: 7.178430E-3
16:11:01 TRACE [librism::solvers::ng] Iteration: 7 Convergence RMSE: 8.523989E-3
16:11:01 TRACE [librism::solvers::ng] Iteration: 8 Convergence RMSE: 5.143354E-3
16:11:01 TRACE [librism::solvers::ng] Iteration: 9 Convergence RMSE: 4.099554E-4
16:11:01 TRACE [librism::solvers::ng] Iteration: 10 Convergence RMSE: 8.620097E-4
16:11:01 TRACE [librism::solvers::ng] Iteration: 11 Convergence RMSE: 2.498330E-3
16:11:01 TRACE [librism::solvers::ng] Iteration: 12 Convergence RMSE: 5.266004E-3
16:11:01 TRACE [librism::solvers::ng] Iteration: 13 Convergence RMSE: 3.041765E-3
16:11:01 TRACE [librism::solvers::ng] Iteration: 14 Convergence RMSE: 2.226653E-2
16:11:01 TRACE [librism::solvers::ng] Iteration: 15 Convergence RMSE: 2.423201E-2
16:11:01 TRACE [librism::solvers::ng] Iteration: 16 Convergence RMSE: 2.557406E-2
16:11:01 TRACE [librism::solvers::ng] Iteration: 17 Convergence RMSE: 2.441726E-4
16:11:01 TRACE [librism::solvers::ng] Iteration: 18 Convergence RMSE: 6.388706E-5
16:11:01 TRACE [librism::solvers::ng] Iteration: 19 Convergence RMSE: 3.034408E-4
16:11:01 TRACE [librism::solvers::ng] Iteration: 20 Convergence RMSE: 1.048540E-3
16:11:01 TRACE [librism::solvers::ng] Iteration: 21 Convergence RMSE: 9.791319E-4
16:11:01 TRACE [librism::solvers::ng] Iteration: 22 Convergence RMSE: 1.900891E-3
16:11:02 TRACE [librism::solvers::ng] Iteration: 23 Convergence RMSE: 2.925654E-4
16:11:02 TRACE [librism::solvers::ng] Iteration: 24 Convergence RMSE: 5.096730E-5
16:11:02 TRACE [librism::solvers::ng] Iteration: 25 Convergence RMSE: 5.267734E-5
16:11:02 TRACE [librism::solvers::ng] Iteration: 26 Convergence RMSE: 1.387101E-4
16:11:02 TRACE [librism::solvers::ng] Iteration: 27 Convergence RMSE: 4.884475E-6
16:11:02 TRACE [librism::solvers::ng] Iteration: 28 Convergence RMSE: 6.462587E-5
16:11:02 TRACE [librism::solvers::ng] Iteration: 29 Convergence RMSE: 1.318436E-5
16:11:02 TRACE [librism::solvers::ng] Iteration: 30 Convergence RMSE: 7.110346E-5
16:11:02 TRACE [librism::solvers::ng] Iteration: 31 Convergence RMSE: 1.986845E-6
16:11:02 TRACE [librism::solvers::ng] Iteration: 32 Convergence RMSE: 2.424932E-5
16:11:02 TRACE [librism::solvers::ng] Iteration: 33 Convergence RMSE: 6.952650E-6
16:11:02 TRACE [librism::solvers::ng] Iteration: 34 Convergence RMSE: 8.558418E-6
16:11:02 TRACE [librism::solvers::ng] Iteration: 35 Convergence RMSE: 9.829608E-7
16:11:02 TRACE [librism::solvers::ng] Iteration: 36 Convergence RMSE: 2.262642E-6
16:11:02 TRACE [librism::solvers::ng] Iteration: 37 Convergence RMSE: 7.878624E-8
16:11:02 TRACE [librism::solvers::ng] Iteration: 38 Convergence RMSE: 1.600643E-7
16:11:02 TRACE [librism::solvers::ng] Iteration: 39 Convergence RMSE: 7.016335E-7
16:11:02 TRACE [librism::solvers::ng] Iteration: 40 Convergence RMSE: 7.716942E-7
16:11:02 TRACE [librism::solvers::ng] Iteration: 41 Convergence RMSE: 9.428965E-7
16:11:02 TRACE [librism::solvers::ng] Iteration: 42 Convergence RMSE: 1.370450E-7
16:11:03 TRACE [librism::solvers::ng] Iteration: 43 Convergence RMSE: 8.993636E-9
16:11:03 INFO  [librism::drivers::rism] Finished! Iteration: 43 RMSE: 8.993636E-9 Time Elapsed: 2.16422992 s
16:11:03 INFO  [librism::drivers::rism] Total Solvent-Solvent Iterations: 96 Total Solver Time: 5.089519732 s
16:11:03 INFO  [librism::drivers::rism] Starting solute-solvent solver
16:11:03 INFO  [librism::drivers::rism] Lambda cycle: 1/2
16:11:03 INFO  [librism::solvers::ng] Solving RISM equation
16:11:03 TRACE [librism::solvers::ng] Iteration: 0 Convergence RMSE: 3.134722E-2
16:11:03 TRACE [librism::solvers::ng] Iteration: 1 Convergence RMSE: 1.504110E-2
16:11:03 TRACE [librism::solvers::ng] Iteration: 2 Convergence RMSE: 9.713316E-3
16:11:03 TRACE [librism::solvers::ng] Iteration: 3 Convergence RMSE: 1.276505E-2
16:11:03 TRACE [librism::solvers::ng] Iteration: 4 Convergence RMSE: 6.910597E-3
16:11:03 TRACE [librism::solvers::ng] Iteration: 5 Convergence RMSE: 5.457230E-4
16:11:03 TRACE [librism::solvers::ng] Iteration: 6 Convergence RMSE: 5.780091E-4
16:11:03 TRACE [librism::solvers::ng] Iteration: 7 Convergence RMSE: 1.155143E-4
16:11:03 TRACE [librism::solvers::ng] Iteration: 8 Convergence RMSE: 7.197263E-5
16:11:03 TRACE [librism::solvers::ng] Iteration: 9 Convergence RMSE: 1.110957E-5
16:11:03 TRACE [librism::solvers::ng] Iteration: 10 Convergence RMSE: 8.070235E-6
16:11:03 TRACE [librism::solvers::ng] Iteration: 11 Convergence RMSE: 3.227452E-5
16:11:03 TRACE [librism::solvers::ng] Iteration: 12 Convergence RMSE: 4.644343E-6
16:11:03 TRACE [librism::solvers::ng] Iteration: 13 Convergence RMSE: 2.437141E-6
16:11:03 TRACE [librism::solvers::ng] Iteration: 14 Convergence RMSE: 4.794530E-6
16:11:03 TRACE [librism::solvers::ng] Iteration: 15 Convergence RMSE: 1.608139E-6
16:11:03 TRACE [librism::solvers::ng] Iteration: 16 Convergence RMSE: 1.692686E-6
16:11:04 TRACE [librism::solvers::ng] Iteration: 17 Convergence RMSE: 2.717596E-7
16:11:04 TRACE [librism::solvers::ng] Iteration: 18 Convergence RMSE: 4.444727E-7
16:11:04 TRACE [librism::solvers::ng] Iteration: 19 Convergence RMSE: 3.381681E-8
16:11:04 TRACE [librism::solvers::ng] Iteration: 20 Convergence RMSE: 1.107914E-8
16:11:04 TRACE [librism::solvers::ng] Iteration: 21 Convergence RMSE: 1.395815E-8
16:11:04 TRACE [librism::solvers::ng] Iteration: 22 Convergence RMSE: 4.143449E-8
16:11:04 TRACE [librism::solvers::ng] Iteration: 23 Convergence RMSE: 1.273221E-8
16:11:04 TRACE [librism::solvers::ng] Iteration: 24 Convergence RMSE: 6.802120E-10
16:11:04 INFO  [librism::drivers::rism] Finished! Iteration: 24 RMSE: 6.802120E-10 Time Elapsed: 1.448165336 s
16:11:04 INFO  [librism::drivers::rism] Lambda cycle: 2/2
16:11:04 INFO  [librism::solvers::ng] Solving RISM equation
16:11:04 TRACE [librism::solvers::ng] Iteration: 0 Convergence RMSE: 4.101327E-3
16:11:04 TRACE [librism::solvers::ng] Iteration: 1 Convergence RMSE: 4.069409E-3
16:11:04 TRACE [librism::solvers::ng] Iteration: 2 Convergence RMSE: 3.825368E-3
16:11:04 TRACE [librism::solvers::ng] Iteration: 3 Convergence RMSE: 4.073731E-3
16:11:04 TRACE [librism::solvers::ng] Iteration: 4 Convergence RMSE: 2.947611E-2
16:11:04 TRACE [librism::solvers::ng] Iteration: 5 Convergence RMSE: 7.868237E-3
16:11:04 TRACE [librism::solvers::ng] Iteration: 6 Convergence RMSE: 7.191402E-3
16:11:04 TRACE [librism::solvers::ng] Iteration: 7 Convergence RMSE: 6.232808E-3
16:11:04 TRACE [librism::solvers::ng] Iteration: 8 Convergence RMSE: 8.613428E-3
16:11:05 TRACE [librism::solvers::ng] Iteration: 9 Convergence RMSE: 1.419246E-3
16:11:05 TRACE [librism::solvers::ng] Iteration: 10 Convergence RMSE: 2.478890E-4
16:11:05 TRACE [librism::solvers::ng] Iteration: 11 Convergence RMSE: 1.728389E-4
16:11:05 TRACE [librism::solvers::ng] Iteration: 12 Convergence RMSE: 1.093002E-3
16:11:05 TRACE [librism::solvers::ng] Iteration: 13 Convergence RMSE: 7.013938E-4
16:11:05 TRACE [librism::solvers::ng] Iteration: 14 Convergence RMSE: 2.976562E-4
16:11:05 TRACE [librism::solvers::ng] Iteration: 15 Convergence RMSE: 3.367513E-4
16:11:05 TRACE [librism::solvers::ng] Iteration: 16 Convergence RMSE: 9.655661E-4
16:11:05 TRACE [librism::solvers::ng] Iteration: 17 Convergence RMSE: 1.189917E-5
16:11:05 TRACE [librism::solvers::ng] Iteration: 18 Convergence RMSE: 4.955892E-6
16:11:05 TRACE [librism::solvers::ng] Iteration: 19 Convergence RMSE: 8.518141E-5
16:11:05 TRACE [librism::solvers::ng] Iteration: 20 Convergence RMSE: 1.232947E-4
16:11:05 TRACE [librism::solvers::ng] Iteration: 21 Convergence RMSE: 2.343211E-5
16:11:05 TRACE [librism::solvers::ng] Iteration: 22 Convergence RMSE: 3.547125E-5
16:11:05 TRACE [librism::solvers::ng] Iteration: 23 Convergence RMSE: 3.671241E-5
16:11:05 TRACE [librism::solvers::ng] Iteration: 24 Convergence RMSE: 2.734008E-5
16:11:05 TRACE [librism::solvers::ng] Iteration: 25 Convergence RMSE: 5.893703E-6
16:11:05 TRACE [librism::solvers::ng] Iteration: 26 Convergence RMSE: 4.526837E-6
16:11:05 TRACE [librism::solvers::ng] Iteration: 27 Convergence RMSE: 7.150057E-6
16:11:06 TRACE [librism::solvers::ng] Iteration: 28 Convergence RMSE: 2.094661E-5
16:11:06 TRACE [librism::solvers::ng] Iteration: 29 Convergence RMSE: 2.472853E-6
16:11:06 TRACE [librism::solvers::ng] Iteration: 30 Convergence RMSE: 3.878373E-7
16:11:06 TRACE [librism::solvers::ng] Iteration: 31 Convergence RMSE: 5.598756E-7
16:11:06 TRACE [librism::solvers::ng] Iteration: 32 Convergence RMSE: 8.503209E-7
16:11:06 TRACE [librism::solvers::ng] Iteration: 33 Convergence RMSE: 1.064074E-7
16:11:06 TRACE [librism::solvers::ng] Iteration: 34 Convergence RMSE: 7.303949E-8
16:11:06 TRACE [librism::solvers::ng] Iteration: 35 Convergence RMSE: 3.271926E-8
16:11:06 TRACE [librism::solvers::ng] Iteration: 36 Convergence RMSE: 5.352094E-7
16:11:06 TRACE [librism::solvers::ng] Iteration: 37 Convergence RMSE: 1.787873E-8
16:11:06 TRACE [librism::solvers::ng] Iteration: 38 Convergence RMSE: 1.322992E-8
16:11:06 TRACE [librism::solvers::ng] Iteration: 39 Convergence RMSE: 1.673012E-8
16:11:06 TRACE [librism::solvers::ng] Iteration: 40 Convergence RMSE: 1.494228E-8
16:11:06 TRACE [librism::solvers::ng] Iteration: 41 Convergence RMSE: 5.765855E-10
16:11:06 INFO  [librism::drivers::rism] Finished! Iteration: 41 RMSE: 5.765855E-10 Time Elapsed: 2.293257893 s
16:11:06 INFO  [librism::drivers::rism] Total Solute-Solvent Iterations: 65 Total Solver Time: 8.839822677 s
16:11:06 INFO  [librism::drivers::rism] Total Iterations: 161 Total Job Time: 8.862538032 s
===================================================================================
SLURM job 10984176 ended:     Thu Mar 07 16:11:07 GMT 2024 (Unix Epoch time: 1709827867)
This is an estimated end time using the 'date' command from node node083.hpc.strath.ac.uk
For accurate timings, use 'sacct -j 10984176 -X --format=Submit,Start,End,Elapsed'
======================================================================================
