            --------------------------------------------------------
                             AMBER SQM VERSION 19
 
                                     By
              Ross C. Walker, Michael F. Crowley, Scott Brozell,
                         Tim Giese, Andreas W. Goetz,
                        Tai-Sung Lee and David A. Case
 
            --------------------------------------------------------
 

--------------------------------------------------------------------------------
  QM CALCULATION INFO
--------------------------------------------------------------------------------

| QMMM: Citation for AMBER QMMM Run:
| QMMM: R.C. Walker, M.F. Crowley and D.A. Case, J. COMP. CHEM. 29:1019, 2008

QMMM: SINGLET STATE CALCULATION
QMMM: RHF CALCULATION, NO. OF DOUBLY OCCUPIED LEVELS = 30

| QMMM: *** Selected Hamiltonian *** 
| QMMM: AM1         

| QMMM: *** Parameter sets in use ***
| QMMM: C : M.J.S.DEWAR et al. JACS, 107, 3902, (1985)
| QMMM: O : M.J.S.DEWAR et al. JACS, 107, 3902, (1985)
| QMMM: H : M.J.S.DEWAR et al. JACS, 107, 3902, (1985)

| QMMM: *** SCF convergence criteria ***
| QMMM: Energy change                :  0.1D-09 kcal/mol
| QMMM: Error matrix |FP-PF|         :  0.1D+00 au
| QMMM: Density matrix change        :  0.5D-06
| QMMM: Maximum number of SCF cycles :     1000

| QMMM: *** Diagonalization Routine Information ***
| QMMM: Pseudo diagonalizations are allowed.
| QMMM: Auto diagonalization routine selection is in use.
| QMMM:
| QMMM: Timing diagonalization routines:
| QMMM:                              norbs =       58
| QMMM:    diag iterations used for timing =       15
| QMMM:
| QMMM:              Internal diag routine = 0.007167 seconds
| QMMM:                 Dspev diag routine = 0.009573 seconds
| QMMM:                Dspevd diag routine = 0.007254 seconds
| QMMM:                Dspevx diag routine = 0.027845 seconds
| QMMM:                 Dsyev diag routine = 0.010047 seconds
| QMMM:                Dsyevd diag routine = 0.007622 seconds
| QMMM:                Dsyevr diag routine = 0.008334 seconds
| QMMM:
| QMMM:                Pseudo diag routine = 0.002788 seconds
| QMMM:
| QMMM: Using internal diagonalization routine (diag_routine=1).

  QMMM: QM Region Cartesian Coordinates (*=link atom) 
  QMMM: QM_NO.   MM_NO.  ATOM         X         Y         Z
  QMMM:     1        1      C       -1.5340    0.5930    0.0960
  QMMM:     2        2      C       -0.3100    1.5090   -0.0890
  QMMM:     3        3      C        0.3220    1.3100   -1.4800
  QMMM:     4        4      C        0.7150    1.3940    1.0720
  QMMM:     5        5      C        1.3900    0.0300    1.2440
  QMMM:     6        6      O        0.8610   -0.8530    1.9220
  QMMM:     7        7      C        2.7440   -0.1750    0.5510
  QMMM:     8        8      C        3.1700   -1.6430    0.2960
  QMMM:     9        9      C        4.6380   -1.7000   -0.1570
  QMMM:    10       10      C        2.2620   -2.3490   -0.7310
  QMMM:    11       11      H       -1.2650   -0.4630    0.0320
  QMMM:    12       12      H       -2.0070    0.7540    1.0660
  QMMM:    13       13      H       -2.2900    0.7820   -0.6670
  QMMM:    14       14      H       -0.6840    2.5360   -0.0620
  QMMM:    15       15      H       -0.3950    1.5280   -2.2730
  QMMM:    16       16      H        1.1750    1.9720   -1.6270
  QMMM:    17       17      H        0.6650    0.2850   -1.6280
  QMMM:    18       18      H        0.2200    1.6340    2.0130
  QMMM:    19       19      H        1.4960    2.1440    0.9470
  QMMM:    20       20      H        2.7430    0.3800   -0.3860
  QMMM:    21       21      H        3.4850    0.3070    1.1880
  QMMM:    22       22      H        3.1040   -2.1940    1.2390
  QMMM:    23       23      H        4.7880   -1.1710   -1.0990
  QMMM:    24       24      H        5.3000   -1.2500    0.5830
  QMMM:    25       25      H        4.9700   -2.7290   -0.3010
  QMMM:    26       26      H        2.2850   -1.8450   -1.6980
  QMMM:    27       27      H        2.5750   -3.3820   -0.8910
  QMMM:    28       28      H        1.2240   -2.3800   -0.4000

--------------------------------------------------------------------------------
  RESULTS
--------------------------------------------------------------------------------

      iter         sqm energy              rms gradient
      ----    -------------------    -----------------------
xmin    10      -82.6794 kcal/mol        0.2783 kcal/(mol*A)
xmin    20      -82.7901 kcal/mol        0.2858 kcal/(mol*A)
xmin    30      -82.8587 kcal/mol        0.1480 kcal/(mol*A)
xmin    40      -82.8839 kcal/mol        0.1552 kcal/(mol*A)
xmin    50      -82.8957 kcal/mol        0.1738 kcal/(mol*A)
xmin    60      -82.9006 kcal/mol        0.0475 kcal/(mol*A)
xmin    70      -82.9032 kcal/mol        0.0233 kcal/(mol*A)
xmin    80      -82.9039 kcal/mol        0.0121 kcal/(mol*A)
xmin    90      -82.9049 kcal/mol        0.0170 kcal/(mol*A)
xmin   100      -82.9054 kcal/mol        0.0282 kcal/(mol*A)
xmin   110      -82.9058 kcal/mol        0.0066 kcal/(mol*A)
xmin   120      -82.9060 kcal/mol        0.0094 kcal/(mol*A)
xmin   130      -82.9061 kcal/mol        0.0219 kcal/(mol*A)
xmin   140      -82.9062 kcal/mol        0.0038 kcal/(mol*A)
xmin   150      -82.9062 kcal/mol        0.0061 kcal/(mol*A)
xmin   160      -82.9063 kcal/mol        0.0026 kcal/(mol*A)
xmin   170      -82.9063 kcal/mol        0.0043 kcal/(mol*A)
xmin   180      -82.9063 kcal/mol        0.0009 kcal/(mol*A)
xmin   190      -82.9063 kcal/mol        0.0095 kcal/(mol*A)
xmin   200      -82.9063 kcal/mol        0.0009 kcal/(mol*A)
  ... geometry converged !
 
 Final MO eigenvalues (eV):
 -40.1440  -36.6684  -36.3381  -30.6591  -28.1383  -27.7671  -27.5147  -22.5613
 -20.5568  -19.7602  -17.1081  -16.4932  -16.0466  -15.6512  -14.8120  -14.6254
 -14.4790  -13.8198  -13.5938  -13.2669  -12.9427  -12.6204  -12.5580  -12.1238
 -11.9453  -11.8768  -11.8086  -11.8066  -11.3797  -10.2472    0.9453    3.0521
   3.5923    3.6514    3.7215    3.7566    3.8721    4.0264    4.2750    4.3025
   4.3513    4.4374    4.4817    4.5083    4.5454    4.6039    4.6801    4.8014
   4.8401    4.8558    4.9125    5.0217    5.0685    5.1170    5.1862    5.2393
   5.2542    6.5905

 Heat of formation   =        -82.90629644 kcal/mol  (       -3.59508679 eV)

 Total SCF energy    =     -39713.71361091 kcal/mol  (    -1722.11584974 eV)
 Electronic energy   =    -220767.94613924 kcal/mol  (    -9573.21651876 eV)
 Core-core repulsion =     181054.23252833 kcal/mol  (     7851.10066902 eV)
 
    Atomic Charges for Step       1 :
  Atom    Element       Mulliken Charge
     1      C                 -0.215
     2      C                 -0.093
     3      C                 -0.217
     4      C                 -0.209
     5      C                  0.232
     6      O                 -0.295
     7      C                 -0.209
     8      C                 -0.103
     9      C                 -0.209
    10      C                 -0.210
    11      H                  0.092
    12      H                  0.078
    13      H                  0.074
    14      H                  0.088
    15      H                  0.079
    16      H                  0.071
    17      H                  0.080
    18      H                  0.109
    19      H                  0.092
    20      H                  0.102
    21      H                  0.107
    22      H                  0.109
    23      H                  0.071
    24      H                  0.072
    25      H                  0.078
    26      H                  0.068
    27      H                  0.077
    28      H                  0.083
 Total Mulliken Charge =      -0.000
 
                  X        Y        Z     TOTAL  
  QM DIPOLE     1.113    1.818   -1.351    2.524
 
 Final Structure

  QMMM: QM Region Cartesian Coordinates (*=link atom) 
  QMMM: QM_NO.   MM_NO.  ATOM         X         Y         Z
  QMMM:     1        1      C       -1.4913    0.5945    0.2230
  QMMM:     2        2      C       -0.2912    1.4628   -0.0898
  QMMM:     3        3      C        0.2924    1.1097   -1.4409
  QMMM:     4        4      C        0.7550    1.3775    1.0142
  QMMM:     5        5      C        1.3722    0.0093    1.1440
  QMMM:     6        6      O        0.8107   -0.9036    1.7584
  QMMM:     7        7      C        2.7310   -0.1431    0.5191
  QMMM:     8        8      C        3.1171   -1.5903    0.2564
  QMMM:     9        9      C        4.5971   -1.6876   -0.0468
  QMMM:    10       10      C        2.3005   -2.1669   -0.8813
  QMMM:    11       11      H       -1.1791   -0.4697    0.3627
  QMMM:    12       12      H       -1.9853    0.9396    1.1629
  QMMM:    13       13      H       -2.2327    0.6454   -0.6100
  QMMM:    14       14      H       -0.6358    2.5370   -0.1288
  QMMM:    15       15      H       -0.4783    1.2393   -2.2385
  QMMM:    16       16      H        1.1617    1.7701   -1.6763
  QMMM:    17       17      H        0.6404    0.0467   -1.4544
  QMMM:    18       18      H        0.2680    1.6415    1.9913
  QMMM:    19       19      H        1.5611    2.1311    0.8139
  QMMM:    20       20      H        2.7605    0.4372   -0.4416
  QMMM:    21       21      H        3.4749    0.3235    1.2205
  QMMM:    22       22      H        2.8954   -2.1861    1.1882
  QMMM:    23       23      H        4.8552   -1.0801   -0.9475
  QMMM:    24       24      H        5.1995   -1.3154    0.8164
  QMMM:    25       25      H        4.8796   -2.7497   -0.2445
  QMMM:    26       26      H        2.4839   -1.6027   -1.8274
  QMMM:    27       27      H        2.5727   -3.2365   -1.0483
  QMMM:    28       28      H        1.2117   -2.1096   -0.6350

           --------- Calculation Completed ----------

